<?xml version="1.0" encoding="UTF-8"?>
<testsuites name="New Test Suite Collection del pulpo mayor" time="1856.873" tests="78" failures="0" errors="0">
   <testsuite name="New Test Suite pulpito repetido - Copy (1)" tests="2" failures="0" errors="0" time="45.602" skipped="0" timestamp="2023-02-14 19:08:57" hostname="hexas - DESKTOP-C94ONF5.mshome.net" id="Test Suites/New Test Suite pulpito repetido - Copy (1)">
      <properties>
         <property name="deviceName" value=""/>
         <property name="devicePlatform" value=""/>
         <property name="logFolder" value="C:\\Users\\hexas\\git\\chungu\\Reports\\20230214_190752\\New Test Suite pulpito repetido - Copy (1)\\20230214_190753"/>
         <property name="logFiles" value="C:\\Users\\hexas\\git\\chungu\\Reports\\20230214_190752\\New Test Suite pulpito repetido - Copy (1)\\20230214_190753\\execution0.log"/>
         <property name="attachments" value=""/>
         <property name="hostName" value="hexas - DESKTOP-C94ONF5.mshome.net"/>
         <property name="os" value="Windows 10 64bit"/>
         <property name="katalonVersion" value="8.5.5.208"/>
         <property name="browser" value="Chrome 110.0.0.0"/>
         <property name="hostAddress" value="192.168.137.1"/>
         <property name="sessionId" value="ea5865d494bf0240080823b5dd9da73d"/>
         <property name="seleniumVersion" value="3.141.59"/>
         <property name="proxyInformation" value="ProxyInformation { proxyOption=NO_PROXY, proxyServerType=HTTP, username=, password=********, proxyServerAddress=, proxyServerPort=0, executionList=&quot;&quot;, isApplyToDesiredCapabilities=true }"/>
         <property name="platform" value="Windows 10"/>
      </properties>
      <testcase name="Test Cases/New Test Case - calamar - Copy (1)" time="24.035" classname="Test Cases/New Test Case - calamar - Copy (1)" status="PASSED">
         <system-out><![CDATA[2023-02-14 19:08:57 - [TEST_CASE][PASSED] - Test Cases/New Test Case - calamar - Copy (1): Test Cases/New Test Case - calamar - Copy (1)

2023-02-14 19:08:58 - [TEST_STEP][PASSED] - openBrowser(""): Browser is opened with url: ''

2023-02-14 19:08:59 - [MESSAGE][INFO] - Starting 'Chrome' driver

2023-02-14 19:08:59 - [MESSAGE][INFO] - Action delay is set to 0 milliseconds

2023-02-14 19:09:02 - [MESSAGE][PASSED] - Browser is opened with url: ''

2023-02-14 19:09:02 - [TEST_STEP][PASSED] - navigateToUrl("https://compucalitv.org/"): Navigate to 'https://compucalitv.org/' successfully

2023-02-14 19:09:11 - [MESSAGE][PASSED] - Navigate to 'https://compucalitv.org/' successfully

2023-02-14 19:09:11 - [TEST_STEP][PASSED] - click(findTestObject("Object Repository/Page_CompucaliTV  Ocio y Entretenimiento/a_Pelculas")): Object: 'Object Repository/Page_CompucaliTV  Ocio y Entretenimiento/a_Pelculas' is clicked on

2023-02-14 19:09:21 - [MESSAGE][PASSED] - Object: 'Object Repository/Page_CompucaliTV  Ocio y Entretenimiento/a_Pelculas' is clicked on

2023-02-14 19:09:21 - [TEST_STEP][PASSED] - closeBrowser(): Browser is closed

2023-02-14 19:09:22 - [MESSAGE][PASSED] - Browser is closed]]></system-out>
         <system-err><![CDATA[]]></system-err>
      </testcase>
      <testcase name="Test Cases/New Test Case - calamar - Copy (3)" time="20.996" classname="Test Cases/New Test Case - calamar - Copy (3)" status="PASSED">
         <system-out><![CDATA[2023-02-14 19:09:22 - [TEST_CASE][PASSED] - Test Cases/New Test Case - calamar - Copy (3): Test Cases/New Test Case - calamar - Copy (3)

2023-02-14 19:09:22 - [TEST_STEP][PASSED] - openBrowser(""): Browser is opened with url: ''

2023-02-14 19:09:22 - [MESSAGE][INFO] - Starting 'Chrome' driver

2023-02-14 19:09:22 - [MESSAGE][INFO] - Action delay is set to 0 milliseconds

2023-02-14 19:09:24 - [MESSAGE][PASSED] - Browser is opened with url: ''

2023-02-14 19:09:24 - [TEST_STEP][PASSED] - navigateToUrl("https://compucalitv.org/"): Navigate to 'https://compucalitv.org/' successfully

2023-02-14 19:09:36 - [MESSAGE][PASSED] - Navigate to 'https://compucalitv.org/' successfully

2023-02-14 19:09:36 - [TEST_STEP][PASSED] - click(findTestObject("Object Repository/Page_CompucaliTV  Ocio y Entretenimiento/a_Pelculas")): Object: 'Object Repository/Page_CompucaliTV  Ocio y Entretenimiento/a_Pelculas' is clicked on

2023-02-14 19:09:41 - [MESSAGE][PASSED] - Object: 'Object Repository/Page_CompucaliTV  Ocio y Entretenimiento/a_Pelculas' is clicked on

2023-02-14 19:09:41 - [TEST_STEP][PASSED] - closeBrowser(): Browser is closed

2023-02-14 19:09:43 - [MESSAGE][PASSED] - Browser is closed]]></system-out>
         <system-err><![CDATA[]]></system-err>
      </testcase>
      <system-out><![CDATA[2023-02-14 19:08:57 - [TEST_SUITE][PASSED] - New Test Suite pulpito repetido - Copy (1): Test Cases/New Test Case - calamar - Copy (3)]]></system-out>
      <system-err><![CDATA[]]></system-err>
   </testsuite>
   <testsuite name="New Test Suite pulpito repetido - Copy (10)" tests="1" failures="0" errors="0" time="19.61" skipped="0" timestamp="2023-02-14 19:09:50" hostname="hexas - DESKTOP-C94ONF5.mshome.net" id="Test Suites/New Test Suite pulpito repetido - Copy (10)">
      <properties>
         <property name="deviceName" value=""/>
         <property name="devicePlatform" value=""/>
         <property name="logFolder" value="C:\\Users\\hexas\\git\\chungu\\Reports\\20230214_190752\\New Test Suite pulpito repetido - Copy (10)\\20230214_190755"/>
         <property name="logFiles" value="C:\\Users\\hexas\\git\\chungu\\Reports\\20230214_190752\\New Test Suite pulpito repetido - Copy (10)\\20230214_190755\\execution0.log"/>
         <property name="attachments" value=""/>
         <property name="hostName" value="hexas - DESKTOP-C94ONF5.mshome.net"/>
         <property name="os" value="Windows 10 64bit"/>
         <property name="katalonVersion" value="8.5.5.208"/>
         <property name="browser" value="Chrome 110.0.0.0"/>
         <property name="hostAddress" value="192.168.137.1"/>
         <property name="sessionId" value="2bbf9a33dd68c3bc7f31c9cc250a13aa"/>
         <property name="seleniumVersion" value="3.141.59"/>
         <property name="proxyInformation" value="ProxyInformation { proxyOption=NO_PROXY, proxyServerType=HTTP, username=, password=********, proxyServerAddress=, proxyServerPort=0, executionList=&quot;&quot;, isApplyToDesiredCapabilities=true }"/>
         <property name="platform" value="Windows 10"/>
      </properties>
      <testcase name="Test Cases/Test como crear un pulpito - Copy (8)" time="19.11" classname="Test Cases/Test como crear un pulpito - Copy (8)" status="PASSED">
         <system-out><![CDATA[2023-02-14 19:09:51 - [TEST_CASE][PASSED] - Test Cases/Test como crear un pulpito - Copy (8): Test Cases/Test como crear un pulpito - Copy (8)

2023-02-14 19:09:51 - [TEST_STEP][PASSED] - openBrowser(""): Browser is opened with url: ''

2023-02-14 19:09:52 - [MESSAGE][INFO] - Starting 'Chrome' driver

2023-02-14 19:09:52 - [MESSAGE][INFO] - Action delay is set to 0 milliseconds

2023-02-14 19:09:56 - [MESSAGE][PASSED] - Browser is opened with url: ''

2023-02-14 19:09:56 - [TEST_STEP][PASSED] - navigateToUrl("https://www.google.com/"): Navigate to 'https://www.google.com/' successfully

2023-02-14 19:09:58 - [MESSAGE][PASSED] - Navigate to 'https://www.google.com/' successfully

2023-02-14 19:09:58 - [TEST_STEP][PASSED] - setText(findTestObject("Object Repository/Page_Google/input__q (1)"), "como hacer un pulpito"): Text 'como hacer un pulpito' is set on object 'Object Repository/Page_Google/input__q (1)'

2023-02-14 19:09:59 - [MESSAGE][PASSED] - Text 'como hacer un pulpito' is set on object 'Object Repository/Page_Google/input__q (1)'

2023-02-14 19:09:59 - [TEST_STEP][PASSED] - sendKeys(findTestObject("Object Repository/Page_Google/input__q (1)"), Keys.chord(ENTER)): Keys 'ENTER + ' sent to object: 'Object Repository/Page_Google/input__q (1)'

2023-02-14 19:10:09 - [MESSAGE][PASSED] - Keys 'ENTER + ' sent to object: 'Object Repository/Page_Google/input__q (1)'

2023-02-14 19:10:09 - [TEST_STEP][PASSED] - closeBrowser(): Browser is closed

2023-02-14 19:10:10 - [MESSAGE][PASSED] - Browser is closed]]></system-out>
         <system-err><![CDATA[]]></system-err>
      </testcase>
      <system-out><![CDATA[2023-02-14 19:09:50 - [TEST_SUITE][PASSED] - New Test Suite pulpito repetido - Copy (10): Test Cases/Test como crear un pulpito - Copy (8)]]></system-out>
      <system-err><![CDATA[]]></system-err>
   </testsuite>
   <testsuite name="New Test Suite pulpito repetido - Copy (12)" tests="1" failures="0" errors="0" time="29.514" skipped="0" timestamp="2023-02-14 19:10:15" hostname="hexas - DESKTOP-C94ONF5.mshome.net" id="Test Suites/New Test Suite pulpito repetido - Copy (12)">
      <properties>
         <property name="deviceName" value=""/>
         <property name="devicePlatform" value=""/>
         <property name="logFolder" value="C:\\Users\\hexas\\git\\chungu\\Reports\\20230214_190752\\New Test Suite pulpito repetido - Copy (12)\\20230214_190757"/>
         <property name="logFiles" value="C:\\Users\\hexas\\git\\chungu\\Reports\\20230214_190752\\New Test Suite pulpito repetido - Copy (12)\\20230214_190757\\execution0.log"/>
         <property name="attachments" value=""/>
         <property name="hostName" value="hexas - DESKTOP-C94ONF5.mshome.net"/>
         <property name="os" value="Windows 10 64bit"/>
         <property name="katalonVersion" value="8.5.5.208"/>
         <property name="browser" value="Chrome 110.0.0.0"/>
         <property name="hostAddress" value="192.168.137.1"/>
         <property name="sessionId" value="bc2c028d63691264d94bf03d1ee9b4ed"/>
         <property name="seleniumVersion" value="3.141.59"/>
         <property name="proxyInformation" value="ProxyInformation { proxyOption=NO_PROXY, proxyServerType=HTTP, username=, password=********, proxyServerAddress=, proxyServerPort=0, executionList=&quot;&quot;, isApplyToDesiredCapabilities=true }"/>
         <property name="platform" value="Windows 10"/>
      </properties>
      <testcase name="Test Cases/Test como crear un pulpito - Copy (4)" time="29.011" classname="Test Cases/Test como crear un pulpito - Copy (4)" status="PASSED">
         <system-out><![CDATA[2023-02-14 19:10:16 - [TEST_CASE][PASSED] - Test Cases/Test como crear un pulpito - Copy (4): Test Cases/Test como crear un pulpito - Copy (4)

2023-02-14 19:10:17 - [TEST_STEP][PASSED] - openBrowser(""): Browser is opened with url: ''

2023-02-14 19:10:17 - [MESSAGE][INFO] - Starting 'Chrome' driver

2023-02-14 19:10:17 - [MESSAGE][INFO] - Action delay is set to 0 milliseconds

2023-02-14 19:10:21 - [MESSAGE][PASSED] - Browser is opened with url: ''

2023-02-14 19:10:21 - [TEST_STEP][PASSED] - navigateToUrl("https://www.google.com/"): Navigate to 'https://www.google.com/' successfully

2023-02-14 19:10:25 - [MESSAGE][PASSED] - Navigate to 'https://www.google.com/' successfully

2023-02-14 19:10:25 - [TEST_STEP][PASSED] - setText(findTestObject("Object Repository/Page_Google/input__q (1)"), "como hacer un pulpito"): Text 'como hacer un pulpito' is set on object 'Object Repository/Page_Google/input__q (1)'

2023-02-14 19:10:26 - [MESSAGE][PASSED] - Text 'como hacer un pulpito' is set on object 'Object Repository/Page_Google/input__q (1)'

2023-02-14 19:10:26 - [TEST_STEP][PASSED] - sendKeys(findTestObject("Object Repository/Page_Google/input__q (1)"), Keys.chord(ENTER)): Keys 'ENTER + ' sent to object: 'Object Repository/Page_Google/input__q (1)'

2023-02-14 19:10:44 - [MESSAGE][PASSED] - Keys 'ENTER + ' sent to object: 'Object Repository/Page_Google/input__q (1)'

2023-02-14 19:10:44 - [TEST_STEP][PASSED] - closeBrowser(): Browser is closed

2023-02-14 19:10:45 - [MESSAGE][PASSED] - Browser is closed]]></system-out>
         <system-err><![CDATA[]]></system-err>
      </testcase>
      <system-out><![CDATA[2023-02-14 19:10:15 - [TEST_SUITE][PASSED] - New Test Suite pulpito repetido - Copy (12): Test Cases/Test como crear un pulpito - Copy (4)]]></system-out>
      <system-err><![CDATA[]]></system-err>
   </testsuite>
   <testsuite name="New Test Suite pulpito repetido - Copy (11)" tests="1" failures="0" errors="0" time="23.777" skipped="0" timestamp="2023-02-14 19:10:52" hostname="hexas - DESKTOP-C94ONF5.mshome.net" id="Test Suites/New Test Suite pulpito repetido - Copy (11)">
      <properties>
         <property name="deviceName" value=""/>
         <property name="devicePlatform" value=""/>
         <property name="logFolder" value="C:\\Users\\hexas\\git\\chungu\\Reports\\20230214_190752\\New Test Suite pulpito repetido - Copy (11)\\20230214_190759"/>
         <property name="logFiles" value="C:\\Users\\hexas\\git\\chungu\\Reports\\20230214_190752\\New Test Suite pulpito repetido - Copy (11)\\20230214_190759\\execution0.log"/>
         <property name="attachments" value=""/>
         <property name="hostName" value="hexas - DESKTOP-C94ONF5.mshome.net"/>
         <property name="os" value="Windows 10 64bit"/>
         <property name="katalonVersion" value="8.5.5.208"/>
         <property name="browser" value="Chrome 110.0.0.0"/>
         <property name="hostAddress" value="192.168.137.1"/>
         <property name="sessionId" value="658aba877423b13fe78a334f7b659883"/>
         <property name="seleniumVersion" value="3.141.59"/>
         <property name="proxyInformation" value="ProxyInformation { proxyOption=NO_PROXY, proxyServerType=HTTP, username=, password=********, proxyServerAddress=, proxyServerPort=0, executionList=&quot;&quot;, isApplyToDesiredCapabilities=true }"/>
         <property name="platform" value="Windows 10"/>
      </properties>
      <testcase name="Test Cases/Test como crear un pulpito - Copy (29)" time="23.144" classname="Test Cases/Test como crear un pulpito - Copy (29)" status="PASSED">
         <system-out><![CDATA[2023-02-14 19:10:53 - [TEST_CASE][PASSED] - Test Cases/Test como crear un pulpito - Copy (29): Test Cases/Test como crear un pulpito - Copy (29)

2023-02-14 19:10:54 - [TEST_STEP][PASSED] - openBrowser(""): Browser is opened with url: ''

2023-02-14 19:10:55 - [MESSAGE][INFO] - Starting 'Chrome' driver

2023-02-14 19:10:55 - [MESSAGE][INFO] - Action delay is set to 0 milliseconds

2023-02-14 19:10:58 - [MESSAGE][PASSED] - Browser is opened with url: ''

2023-02-14 19:10:58 - [TEST_STEP][PASSED] - navigateToUrl("https://www.google.com/"): Navigate to 'https://www.google.com/' successfully

2023-02-14 19:11:02 - [MESSAGE][PASSED] - Navigate to 'https://www.google.com/' successfully

2023-02-14 19:11:02 - [TEST_STEP][PASSED] - setText(findTestObject("Object Repository/Page_Google/input__q (1)"), "como hacer un pulpito"): Text 'como hacer un pulpito' is set on object 'Object Repository/Page_Google/input__q (1)'

2023-02-14 19:11:03 - [MESSAGE][PASSED] - Text 'como hacer un pulpito' is set on object 'Object Repository/Page_Google/input__q (1)'

2023-02-14 19:11:03 - [TEST_STEP][PASSED] - sendKeys(findTestObject("Object Repository/Page_Google/input__q (1)"), Keys.chord(ENTER)): Keys 'ENTER + ' sent to object: 'Object Repository/Page_Google/input__q (1)'

2023-02-14 19:11:15 - [MESSAGE][PASSED] - Keys 'ENTER + ' sent to object: 'Object Repository/Page_Google/input__q (1)'

2023-02-14 19:11:15 - [TEST_STEP][PASSED] - closeBrowser(): Browser is closed

2023-02-14 19:11:16 - [MESSAGE][PASSED] - Browser is closed]]></system-out>
         <system-err><![CDATA[]]></system-err>
      </testcase>
      <system-out><![CDATA[2023-02-14 19:10:52 - [TEST_SUITE][PASSED] - New Test Suite pulpito repetido - Copy (11): Test Cases/Test como crear un pulpito - Copy (29)]]></system-out>
      <system-err><![CDATA[]]></system-err>
   </testsuite>
   <testsuite name="New Test Suite pulpito repetido - Copy (13)" tests="1" failures="0" errors="0" time="23.393" skipped="0" timestamp="2023-02-14 19:11:23" hostname="hexas - DESKTOP-C94ONF5.mshome.net" id="Test Suites/New Test Suite pulpito repetido - Copy (13)">
      <properties>
         <property name="deviceName" value=""/>
         <property name="devicePlatform" value=""/>
         <property name="logFolder" value="C:\\Users\\hexas\\git\\chungu\\Reports\\20230214_190752\\New Test Suite pulpito repetido - Copy (13)\\20230214_190801"/>
         <property name="logFiles" value="C:\\Users\\hexas\\git\\chungu\\Reports\\20230214_190752\\New Test Suite pulpito repetido - Copy (13)\\20230214_190801\\execution0.log"/>
         <property name="attachments" value=""/>
         <property name="hostName" value="hexas - DESKTOP-C94ONF5.mshome.net"/>
         <property name="os" value="Windows 10 64bit"/>
         <property name="katalonVersion" value="8.5.5.208"/>
         <property name="browser" value="Chrome 110.0.0.0"/>
         <property name="hostAddress" value="192.168.137.1"/>
         <property name="sessionId" value="74b20d1c041ba2cb93b9cbb2abe8a964"/>
         <property name="seleniumVersion" value="3.141.59"/>
         <property name="proxyInformation" value="ProxyInformation { proxyOption=NO_PROXY, proxyServerType=HTTP, username=, password=********, proxyServerAddress=, proxyServerPort=0, executionList=&quot;&quot;, isApplyToDesiredCapabilities=true }"/>
         <property name="platform" value="Windows 10"/>
      </properties>
      <testcase name="Test Cases/Test como crear un pulpito - Copy (28)" time="22.69" classname="Test Cases/Test como crear un pulpito - Copy (28)" status="PASSED">
         <system-out><![CDATA[2023-02-14 19:11:23 - [TEST_CASE][PASSED] - Test Cases/Test como crear un pulpito - Copy (28): Test Cases/Test como crear un pulpito - Copy (28)

2023-02-14 19:11:24 - [TEST_STEP][PASSED] - openBrowser(""): Browser is opened with url: ''

2023-02-14 19:11:26 - [MESSAGE][INFO] - Starting 'Chrome' driver

2023-02-14 19:11:26 - [MESSAGE][INFO] - Action delay is set to 0 milliseconds

2023-02-14 19:11:30 - [MESSAGE][PASSED] - Browser is opened with url: ''

2023-02-14 19:11:30 - [TEST_STEP][PASSED] - navigateToUrl("https://www.google.com/"): Navigate to 'https://www.google.com/' successfully

2023-02-14 19:11:32 - [MESSAGE][PASSED] - Navigate to 'https://www.google.com/' successfully

2023-02-14 19:11:32 - [TEST_STEP][PASSED] - setText(findTestObject("Object Repository/Page_Google/input__q (1)"), "como hacer un pulpito"): Text 'como hacer un pulpito' is set on object 'Object Repository/Page_Google/input__q (1)'

2023-02-14 19:11:34 - [MESSAGE][PASSED] - Text 'como hacer un pulpito' is set on object 'Object Repository/Page_Google/input__q (1)'

2023-02-14 19:11:34 - [TEST_STEP][PASSED] - sendKeys(findTestObject("Object Repository/Page_Google/input__q (1)"), Keys.chord(ENTER)): Keys 'ENTER + ' sent to object: 'Object Repository/Page_Google/input__q (1)'

2023-02-14 19:11:45 - [MESSAGE][PASSED] - Keys 'ENTER + ' sent to object: 'Object Repository/Page_Google/input__q (1)'

2023-02-14 19:11:45 - [TEST_STEP][PASSED] - closeBrowser(): Browser is closed

2023-02-14 19:11:46 - [MESSAGE][PASSED] - Browser is closed]]></system-out>
         <system-err><![CDATA[]]></system-err>
      </testcase>
      <system-out><![CDATA[2023-02-14 19:11:23 - [TEST_SUITE][PASSED] - New Test Suite pulpito repetido - Copy (13): Test Cases/Test como crear un pulpito - Copy (28)]]></system-out>
      <system-err><![CDATA[]]></system-err>
   </testsuite>
   <testsuite name="New Test Suite pulpito repetido - Copy (15)" tests="1" failures="0" errors="0" time="22.331" skipped="0" timestamp="2023-02-14 19:11:52" hostname="hexas - DESKTOP-C94ONF5.mshome.net" id="Test Suites/New Test Suite pulpito repetido - Copy (15)">
      <properties>
         <property name="deviceName" value=""/>
         <property name="devicePlatform" value=""/>
         <property name="logFolder" value="C:\\Users\\hexas\\git\\chungu\\Reports\\20230214_190752\\New Test Suite pulpito repetido - Copy (15)\\20230214_190803"/>
         <property name="logFiles" value="C:\\Users\\hexas\\git\\chungu\\Reports\\20230214_190752\\New Test Suite pulpito repetido - Copy (15)\\20230214_190803\\execution0.log"/>
         <property name="attachments" value=""/>
         <property name="hostName" value="hexas - DESKTOP-C94ONF5.mshome.net"/>
         <property name="os" value="Windows 10 64bit"/>
         <property name="katalonVersion" value="8.5.5.208"/>
         <property name="browser" value="Chrome 110.0.0.0"/>
         <property name="hostAddress" value="192.168.137.1"/>
         <property name="sessionId" value="2f652357d2457764d482c471e2f5712f"/>
         <property name="seleniumVersion" value="3.141.59"/>
         <property name="proxyInformation" value="ProxyInformation { proxyOption=NO_PROXY, proxyServerType=HTTP, username=, password=********, proxyServerAddress=, proxyServerPort=0, executionList=&quot;&quot;, isApplyToDesiredCapabilities=true }"/>
         <property name="platform" value="Windows 10"/>
      </properties>
      <testcase name="Test Cases/Test como crear un pulpito - Copy (6)" time="21.765" classname="Test Cases/Test como crear un pulpito - Copy (6)" status="PASSED">
         <system-out><![CDATA[2023-02-14 19:11:53 - [TEST_CASE][PASSED] - Test Cases/Test como crear un pulpito - Copy (6): Test Cases/Test como crear un pulpito - Copy (6)

2023-02-14 19:11:54 - [TEST_STEP][PASSED] - openBrowser(""): Browser is opened with url: ''

2023-02-14 19:11:54 - [MESSAGE][INFO] - Starting 'Chrome' driver

2023-02-14 19:11:55 - [MESSAGE][INFO] - Action delay is set to 0 milliseconds

2023-02-14 19:11:59 - [MESSAGE][PASSED] - Browser is opened with url: ''

2023-02-14 19:11:59 - [TEST_STEP][PASSED] - navigateToUrl("https://www.google.com/"): Navigate to 'https://www.google.com/' successfully

2023-02-14 19:12:02 - [MESSAGE][PASSED] - Navigate to 'https://www.google.com/' successfully

2023-02-14 19:12:02 - [TEST_STEP][PASSED] - setText(findTestObject("Object Repository/Page_Google/input__q (1)"), "como hacer un pulpito"): Text 'como hacer un pulpito' is set on object 'Object Repository/Page_Google/input__q (1)'

2023-02-14 19:12:03 - [MESSAGE][PASSED] - Text 'como hacer un pulpito' is set on object 'Object Repository/Page_Google/input__q (1)'

2023-02-14 19:12:03 - [TEST_STEP][PASSED] - sendKeys(findTestObject("Object Repository/Page_Google/input__q (1)"), Keys.chord(ENTER)): Keys 'ENTER + ' sent to object: 'Object Repository/Page_Google/input__q (1)'

2023-02-14 19:12:14 - [MESSAGE][PASSED] - Keys 'ENTER + ' sent to object: 'Object Repository/Page_Google/input__q (1)'

2023-02-14 19:12:14 - [TEST_STEP][PASSED] - closeBrowser(): Browser is closed

2023-02-14 19:12:15 - [MESSAGE][PASSED] - Browser is closed]]></system-out>
         <system-err><![CDATA[]]></system-err>
      </testcase>
      <system-out><![CDATA[2023-02-14 19:11:52 - [TEST_SUITE][PASSED] - New Test Suite pulpito repetido - Copy (15): Test Cases/Test como crear un pulpito - Copy (6)]]></system-out>
      <system-err><![CDATA[]]></system-err>
   </testsuite>
   <testsuite name="New Test Suite pulpito repetido - Copy (14)" tests="1" failures="0" errors="0" time="22.544" skipped="0" timestamp="2023-02-14 19:12:22" hostname="hexas - DESKTOP-C94ONF5.mshome.net" id="Test Suites/New Test Suite pulpito repetido - Copy (14)">
      <properties>
         <property name="deviceName" value=""/>
         <property name="devicePlatform" value=""/>
         <property name="logFolder" value="C:\\Users\\hexas\\git\\chungu\\Reports\\20230214_190752\\New Test Suite pulpito repetido - Copy (14)\\20230214_190805"/>
         <property name="logFiles" value="C:\\Users\\hexas\\git\\chungu\\Reports\\20230214_190752\\New Test Suite pulpito repetido - Copy (14)\\20230214_190805\\execution0.log"/>
         <property name="attachments" value=""/>
         <property name="hostName" value="hexas - DESKTOP-C94ONF5.mshome.net"/>
         <property name="os" value="Windows 10 64bit"/>
         <property name="katalonVersion" value="8.5.5.208"/>
         <property name="browser" value="Chrome 110.0.0.0"/>
         <property name="hostAddress" value="192.168.137.1"/>
         <property name="sessionId" value="c0b516295aa5c03ebc2e56ed57a515c2"/>
         <property name="seleniumVersion" value="3.141.59"/>
         <property name="proxyInformation" value="ProxyInformation { proxyOption=NO_PROXY, proxyServerType=HTTP, username=, password=********, proxyServerAddress=, proxyServerPort=0, executionList=&quot;&quot;, isApplyToDesiredCapabilities=true }"/>
         <property name="platform" value="Windows 10"/>
      </properties>
      <testcase name="Test Cases/Test como crear un pulpito - Copy (30)" time="21.894" classname="Test Cases/Test como crear un pulpito - Copy (30)" status="PASSED">
         <system-out><![CDATA[2023-02-14 19:12:23 - [TEST_CASE][PASSED] - Test Cases/Test como crear un pulpito - Copy (30): Test Cases/Test como crear un pulpito - Copy (30)

2023-02-14 19:12:24 - [TEST_STEP][PASSED] - openBrowser(""): Browser is opened with url: ''

2023-02-14 19:12:24 - [MESSAGE][INFO] - Starting 'Chrome' driver

2023-02-14 19:12:24 - [MESSAGE][INFO] - Action delay is set to 0 milliseconds

2023-02-14 19:12:29 - [MESSAGE][PASSED] - Browser is opened with url: ''

2023-02-14 19:12:29 - [TEST_STEP][PASSED] - navigateToUrl("https://www.google.com/"): Navigate to 'https://www.google.com/' successfully

2023-02-14 19:12:32 - [MESSAGE][PASSED] - Navigate to 'https://www.google.com/' successfully

2023-02-14 19:12:32 - [TEST_STEP][PASSED] - setText(findTestObject("Object Repository/Page_Google/input__q (1)"), "como hacer un pulpito"): Text 'como hacer un pulpito' is set on object 'Object Repository/Page_Google/input__q (1)'

2023-02-14 19:12:33 - [MESSAGE][PASSED] - Text 'como hacer un pulpito' is set on object 'Object Repository/Page_Google/input__q (1)'

2023-02-14 19:12:33 - [TEST_STEP][PASSED] - sendKeys(findTestObject("Object Repository/Page_Google/input__q (1)"), Keys.chord(ENTER)): Keys 'ENTER + ' sent to object: 'Object Repository/Page_Google/input__q (1)'

2023-02-14 19:12:44 - [MESSAGE][PASSED] - Keys 'ENTER + ' sent to object: 'Object Repository/Page_Google/input__q (1)'

2023-02-14 19:12:44 - [TEST_STEP][PASSED] - closeBrowser(): Browser is closed

2023-02-14 19:12:44 - [MESSAGE][PASSED] - Browser is closed]]></system-out>
         <system-err><![CDATA[]]></system-err>
      </testcase>
      <system-out><![CDATA[2023-02-14 19:12:22 - [TEST_SUITE][PASSED] - New Test Suite pulpito repetido - Copy (14): Test Cases/Test como crear un pulpito - Copy (30)]]></system-out>
      <system-err><![CDATA[]]></system-err>
   </testsuite>
   <testsuite name="New Test Suite pulpito repetido - Copy (16)" tests="1" failures="0" errors="0" time="28.155" skipped="0" timestamp="2023-02-14 19:12:53" hostname="hexas - DESKTOP-C94ONF5.mshome.net" id="Test Suites/New Test Suite pulpito repetido - Copy (16)">
      <properties>
         <property name="deviceName" value=""/>
         <property name="devicePlatform" value=""/>
         <property name="logFolder" value="C:\\Users\\hexas\\git\\chungu\\Reports\\20230214_190752\\New Test Suite pulpito repetido - Copy (16)\\20230214_190807"/>
         <property name="logFiles" value="C:\\Users\\hexas\\git\\chungu\\Reports\\20230214_190752\\New Test Suite pulpito repetido - Copy (16)\\20230214_190807\\execution0.log"/>
         <property name="attachments" value=""/>
         <property name="hostName" value="hexas - DESKTOP-C94ONF5.mshome.net"/>
         <property name="os" value="Windows 10 64bit"/>
         <property name="katalonVersion" value="8.5.5.208"/>
         <property name="browser" value="Chrome 110.0.0.0"/>
         <property name="hostAddress" value="192.168.137.1"/>
         <property name="sessionId" value="5f15050c8ff11810f1a1b8f424f7ada4"/>
         <property name="seleniumVersion" value="3.141.59"/>
         <property name="proxyInformation" value="ProxyInformation { proxyOption=NO_PROXY, proxyServerType=HTTP, username=, password=********, proxyServerAddress=, proxyServerPort=0, executionList=&quot;&quot;, isApplyToDesiredCapabilities=true }"/>
         <property name="platform" value="Windows 10"/>
      </properties>
      <testcase name="Test Cases/Test como crear un pulpito - Copy (3)" time="27.574" classname="Test Cases/Test como crear un pulpito - Copy (3)" status="PASSED">
         <system-out><![CDATA[2023-02-14 19:12:53 - [TEST_CASE][PASSED] - Test Cases/Test como crear un pulpito - Copy (3): Test Cases/Test como crear un pulpito - Copy (3)

2023-02-14 19:12:54 - [TEST_STEP][PASSED] - openBrowser(""): Browser is opened with url: ''

2023-02-14 19:12:55 - [MESSAGE][INFO] - Starting 'Chrome' driver

2023-02-14 19:12:55 - [MESSAGE][INFO] - Action delay is set to 0 milliseconds

2023-02-14 19:12:59 - [MESSAGE][PASSED] - Browser is opened with url: ''

2023-02-14 19:12:59 - [TEST_STEP][PASSED] - navigateToUrl("https://www.google.com/"): Navigate to 'https://www.google.com/' successfully

2023-02-14 19:13:02 - [MESSAGE][PASSED] - Navigate to 'https://www.google.com/' successfully

2023-02-14 19:13:02 - [TEST_STEP][PASSED] - setText(findTestObject("Object Repository/Page_Google/input__q (1)"), "como hacer un pulpito"): Text 'como hacer un pulpito' is set on object 'Object Repository/Page_Google/input__q (1)'

2023-02-14 19:13:03 - [MESSAGE][PASSED] - Text 'como hacer un pulpito' is set on object 'Object Repository/Page_Google/input__q (1)'

2023-02-14 19:13:03 - [TEST_STEP][PASSED] - sendKeys(findTestObject("Object Repository/Page_Google/input__q (1)"), Keys.chord(ENTER)): Keys 'ENTER + ' sent to object: 'Object Repository/Page_Google/input__q (1)'

2023-02-14 19:13:20 - [MESSAGE][PASSED] - Keys 'ENTER + ' sent to object: 'Object Repository/Page_Google/input__q (1)'

2023-02-14 19:13:20 - [TEST_STEP][PASSED] - closeBrowser(): Browser is closed

2023-02-14 19:13:21 - [MESSAGE][PASSED] - Browser is closed]]></system-out>
         <system-err><![CDATA[]]></system-err>
      </testcase>
      <system-out><![CDATA[2023-02-14 19:12:53 - [TEST_SUITE][PASSED] - New Test Suite pulpito repetido - Copy (16): Test Cases/Test como crear un pulpito - Copy (3)]]></system-out>
      <system-err><![CDATA[]]></system-err>
   </testsuite>
   <testsuite name="New Test Suite pulpito repetido - Copy (17)" tests="1" failures="0" errors="0" time="33.172" skipped="0" timestamp="2023-02-14 19:13:28" hostname="hexas - DESKTOP-C94ONF5.mshome.net" id="Test Suites/New Test Suite pulpito repetido - Copy (17)">
      <properties>
         <property name="deviceName" value=""/>
         <property name="devicePlatform" value=""/>
         <property name="logFolder" value="C:\\Users\\hexas\\git\\chungu\\Reports\\20230214_190752\\New Test Suite pulpito repetido - Copy (17)\\20230214_190809"/>
         <property name="logFiles" value="C:\\Users\\hexas\\git\\chungu\\Reports\\20230214_190752\\New Test Suite pulpito repetido - Copy (17)\\20230214_190809\\execution0.log"/>
         <property name="attachments" value=""/>
         <property name="hostName" value="hexas - DESKTOP-C94ONF5.mshome.net"/>
         <property name="os" value="Windows 10 64bit"/>
         <property name="katalonVersion" value="8.5.5.208"/>
         <property name="browser" value="Chrome 110.0.0.0"/>
         <property name="hostAddress" value="192.168.137.1"/>
         <property name="sessionId" value="b04228a0aa1e35896d36be69a7c05a53"/>
         <property name="seleniumVersion" value="3.141.59"/>
         <property name="proxyInformation" value="ProxyInformation { proxyOption=NO_PROXY, proxyServerType=HTTP, username=, password=********, proxyServerAddress=, proxyServerPort=0, executionList=&quot;&quot;, isApplyToDesiredCapabilities=true }"/>
         <property name="platform" value="Windows 10"/>
      </properties>
      <testcase name="Test Cases/Test como crear un pulpito - Copy (31)" time="32.496" classname="Test Cases/Test como crear un pulpito - Copy (31)" status="PASSED">
         <system-out><![CDATA[2023-02-14 19:13:29 - [TEST_CASE][PASSED] - Test Cases/Test como crear un pulpito - Copy (31): Test Cases/Test como crear un pulpito - Copy (31)

2023-02-14 19:13:30 - [TEST_STEP][PASSED] - openBrowser(""): Browser is opened with url: ''

2023-02-14 19:13:31 - [MESSAGE][INFO] - Starting 'Chrome' driver

2023-02-14 19:13:31 - [MESSAGE][INFO] - Action delay is set to 0 milliseconds

2023-02-14 19:13:34 - [MESSAGE][PASSED] - Browser is opened with url: ''

2023-02-14 19:13:34 - [TEST_STEP][PASSED] - navigateToUrl("https://www.google.com/"): Navigate to 'https://www.google.com/' successfully

2023-02-14 19:13:41 - [MESSAGE][PASSED] - Navigate to 'https://www.google.com/' successfully

2023-02-14 19:13:41 - [TEST_STEP][PASSED] - setText(findTestObject("Object Repository/Page_Google/input__q (1)"), "como hacer un pulpito"): Text 'como hacer un pulpito' is set on object 'Object Repository/Page_Google/input__q (1)'

2023-02-14 19:13:42 - [MESSAGE][PASSED] - Text 'como hacer un pulpito' is set on object 'Object Repository/Page_Google/input__q (1)'

2023-02-14 19:13:42 - [TEST_STEP][PASSED] - sendKeys(findTestObject("Object Repository/Page_Google/input__q (1)"), Keys.chord(ENTER)): Keys 'ENTER + ' sent to object: 'Object Repository/Page_Google/input__q (1)'

2023-02-14 19:14:00 - [MESSAGE][PASSED] - Keys 'ENTER + ' sent to object: 'Object Repository/Page_Google/input__q (1)'

2023-02-14 19:14:00 - [TEST_STEP][PASSED] - closeBrowser(): Browser is closed

2023-02-14 19:14:01 - [MESSAGE][PASSED] - Browser is closed]]></system-out>
         <system-err><![CDATA[]]></system-err>
      </testcase>
      <system-out><![CDATA[2023-02-14 19:13:28 - [TEST_SUITE][PASSED] - New Test Suite pulpito repetido - Copy (17): Test Cases/Test como crear un pulpito - Copy (31)]]></system-out>
      <system-err><![CDATA[]]></system-err>
   </testsuite>
   <testsuite name="New Test Suite pulpito repetido - Copy (18)" tests="1" failures="0" errors="0" time="32.552" skipped="0" timestamp="2023-02-14 19:14:08" hostname="hexas - DESKTOP-C94ONF5.mshome.net" id="Test Suites/New Test Suite pulpito repetido - Copy (18)">
      <properties>
         <property name="deviceName" value=""/>
         <property name="devicePlatform" value=""/>
         <property name="logFolder" value="C:\\Users\\hexas\\git\\chungu\\Reports\\20230214_190752\\New Test Suite pulpito repetido - Copy (18)\\20230214_190811"/>
         <property name="logFiles" value="C:\\Users\\hexas\\git\\chungu\\Reports\\20230214_190752\\New Test Suite pulpito repetido - Copy (18)\\20230214_190811\\execution0.log"/>
         <property name="attachments" value=""/>
         <property name="hostName" value="hexas - DESKTOP-C94ONF5.mshome.net"/>
         <property name="os" value="Windows 10 64bit"/>
         <property name="katalonVersion" value="8.5.5.208"/>
         <property name="browser" value="Chrome 110.0.0.0"/>
         <property name="hostAddress" value="192.168.137.1"/>
         <property name="sessionId" value="824b721ee1afb098ddaa0edfadaf1841"/>
         <property name="seleniumVersion" value="3.141.59"/>
         <property name="proxyInformation" value="ProxyInformation { proxyOption=NO_PROXY, proxyServerType=HTTP, username=, password=********, proxyServerAddress=, proxyServerPort=0, executionList=&quot;&quot;, isApplyToDesiredCapabilities=true }"/>
         <property name="platform" value="Windows 10"/>
      </properties>
      <testcase name="Test Cases/Test como crear un pulpito - Copy (6)" time="32.05" classname="Test Cases/Test como crear un pulpito - Copy (6)" status="PASSED">
         <system-out><![CDATA[2023-02-14 19:14:09 - [TEST_CASE][PASSED] - Test Cases/Test como crear un pulpito - Copy (6): Test Cases/Test como crear un pulpito - Copy (6)

2023-02-14 19:14:09 - [TEST_STEP][PASSED] - openBrowser(""): Browser is opened with url: ''

2023-02-14 19:14:10 - [MESSAGE][INFO] - Starting 'Chrome' driver

2023-02-14 19:14:10 - [MESSAGE][INFO] - Action delay is set to 0 milliseconds

2023-02-14 19:14:14 - [MESSAGE][PASSED] - Browser is opened with url: ''

2023-02-14 19:14:14 - [TEST_STEP][PASSED] - navigateToUrl("https://www.google.com/"): Navigate to 'https://www.google.com/' successfully

2023-02-14 19:14:19 - [MESSAGE][PASSED] - Navigate to 'https://www.google.com/' successfully

2023-02-14 19:14:19 - [TEST_STEP][PASSED] - setText(findTestObject("Object Repository/Page_Google/input__q (1)"), "como hacer un pulpito"): Text 'como hacer un pulpito' is set on object 'Object Repository/Page_Google/input__q (1)'

2023-02-14 19:14:20 - [MESSAGE][PASSED] - Text 'como hacer un pulpito' is set on object 'Object Repository/Page_Google/input__q (1)'

2023-02-14 19:14:20 - [TEST_STEP][PASSED] - sendKeys(findTestObject("Object Repository/Page_Google/input__q (1)"), Keys.chord(ENTER)): Keys 'ENTER + ' sent to object: 'Object Repository/Page_Google/input__q (1)'

2023-02-14 19:14:40 - [MESSAGE][PASSED] - Keys 'ENTER + ' sent to object: 'Object Repository/Page_Google/input__q (1)'

2023-02-14 19:14:40 - [TEST_STEP][PASSED] - closeBrowser(): Browser is closed

2023-02-14 19:14:41 - [MESSAGE][PASSED] - Browser is closed]]></system-out>
         <system-err><![CDATA[]]></system-err>
      </testcase>
      <system-out><![CDATA[2023-02-14 19:14:08 - [TEST_SUITE][PASSED] - New Test Suite pulpito repetido - Copy (18): Test Cases/Test como crear un pulpito - Copy (6)]]></system-out>
      <system-err><![CDATA[]]></system-err>
   </testsuite>
   <testsuite name="New Test Suite pulpito repetido - Copy (19)" tests="1" failures="0" errors="0" time="21.862" skipped="0" timestamp="2023-02-14 19:14:46" hostname="hexas - DESKTOP-C94ONF5.mshome.net" id="Test Suites/New Test Suite pulpito repetido - Copy (19)">
      <properties>
         <property name="deviceName" value=""/>
         <property name="devicePlatform" value=""/>
         <property name="logFolder" value="C:\\Users\\hexas\\git\\chungu\\Reports\\20230214_190752\\New Test Suite pulpito repetido - Copy (19)\\20230214_190813"/>
         <property name="logFiles" value="C:\\Users\\hexas\\git\\chungu\\Reports\\20230214_190752\\New Test Suite pulpito repetido - Copy (19)\\20230214_190813\\execution0.log"/>
         <property name="attachments" value=""/>
         <property name="hostName" value="hexas - DESKTOP-C94ONF5.mshome.net"/>
         <property name="os" value="Windows 10 64bit"/>
         <property name="katalonVersion" value="8.5.5.208"/>
         <property name="browser" value="Chrome 110.0.0.0"/>
         <property name="hostAddress" value="192.168.137.1"/>
         <property name="sessionId" value="da51072f445674faa2e5ece8c34ecf1b"/>
         <property name="seleniumVersion" value="3.141.59"/>
         <property name="proxyInformation" value="ProxyInformation { proxyOption=NO_PROXY, proxyServerType=HTTP, username=, password=********, proxyServerAddress=, proxyServerPort=0, executionList=&quot;&quot;, isApplyToDesiredCapabilities=true }"/>
         <property name="platform" value="Windows 10"/>
      </properties>
      <testcase name="Test Cases/Test como crear un pulpito - Copy (5)" time="21.305" classname="Test Cases/Test como crear un pulpito - Copy (5)" status="PASSED">
         <system-out><![CDATA[2023-02-14 19:14:47 - [TEST_CASE][PASSED] - Test Cases/Test como crear un pulpito - Copy (5): Test Cases/Test como crear un pulpito - Copy (5)

2023-02-14 19:14:48 - [TEST_STEP][PASSED] - openBrowser(""): Browser is opened with url: ''

2023-02-14 19:14:48 - [MESSAGE][INFO] - Starting 'Chrome' driver

2023-02-14 19:14:49 - [MESSAGE][INFO] - Action delay is set to 0 milliseconds

2023-02-14 19:14:52 - [MESSAGE][PASSED] - Browser is opened with url: ''

2023-02-14 19:14:52 - [TEST_STEP][PASSED] - navigateToUrl("https://www.google.com/"): Navigate to 'https://www.google.com/' successfully

2023-02-14 19:14:56 - [MESSAGE][PASSED] - Navigate to 'https://www.google.com/' successfully

2023-02-14 19:14:56 - [TEST_STEP][PASSED] - setText(findTestObject("Object Repository/Page_Google/input__q (1)"), "como hacer un pulpito"): Text 'como hacer un pulpito' is set on object 'Object Repository/Page_Google/input__q (1)'

2023-02-14 19:14:57 - [MESSAGE][PASSED] - Text 'como hacer un pulpito' is set on object 'Object Repository/Page_Google/input__q (1)'

2023-02-14 19:14:57 - [TEST_STEP][PASSED] - sendKeys(findTestObject("Object Repository/Page_Google/input__q (1)"), Keys.chord(ENTER)): Keys 'ENTER + ' sent to object: 'Object Repository/Page_Google/input__q (1)'

2023-02-14 19:15:07 - [MESSAGE][PASSED] - Keys 'ENTER + ' sent to object: 'Object Repository/Page_Google/input__q (1)'

2023-02-14 19:15:07 - [TEST_STEP][PASSED] - closeBrowser(): Browser is closed

2023-02-14 19:15:08 - [MESSAGE][PASSED] - Browser is closed]]></system-out>
         <system-err><![CDATA[]]></system-err>
      </testcase>
      <system-out><![CDATA[2023-02-14 19:14:46 - [TEST_SUITE][PASSED] - New Test Suite pulpito repetido - Copy (19): Test Cases/Test como crear un pulpito - Copy (5)]]></system-out>
      <system-err><![CDATA[]]></system-err>
   </testsuite>
   <testsuite name="New Test Suite pulpito repetido - Copy (2)" tests="1" failures="0" errors="0" time="24.519" skipped="0" timestamp="2023-02-14 19:15:15" hostname="hexas - DESKTOP-C94ONF5.mshome.net" id="Test Suites/New Test Suite pulpito repetido - Copy (2)">
      <properties>
         <property name="deviceName" value=""/>
         <property name="devicePlatform" value=""/>
         <property name="logFolder" value="C:\\Users\\hexas\\git\\chungu\\Reports\\20230214_190752\\New Test Suite pulpito repetido - Copy (2)\\20230214_190815"/>
         <property name="logFiles" value="C:\\Users\\hexas\\git\\chungu\\Reports\\20230214_190752\\New Test Suite pulpito repetido - Copy (2)\\20230214_190815\\execution0.log"/>
         <property name="attachments" value=""/>
         <property name="hostName" value="hexas - DESKTOP-C94ONF5.mshome.net"/>
         <property name="os" value="Windows 10 64bit"/>
         <property name="katalonVersion" value="8.5.5.208"/>
         <property name="browser" value="Chrome 110.0.0.0"/>
         <property name="hostAddress" value="192.168.137.1"/>
         <property name="sessionId" value="00d6efbdadfd1c915a722333ba8af902"/>
         <property name="seleniumVersion" value="3.141.59"/>
         <property name="proxyInformation" value="ProxyInformation { proxyOption=NO_PROXY, proxyServerType=HTTP, username=, password=********, proxyServerAddress=, proxyServerPort=0, executionList=&quot;&quot;, isApplyToDesiredCapabilities=true }"/>
         <property name="platform" value="Windows 10"/>
      </properties>
      <testcase name="Test Cases/New Test Case- compucalitv - Copy (9)" time="23.984" classname="Test Cases/New Test Case- compucalitv - Copy (9)" status="PASSED">
         <system-out><![CDATA[2023-02-14 19:15:16 - [TEST_CASE][PASSED] - Test Cases/New Test Case- compucalitv - Copy (9): Test Cases/New Test Case- compucalitv - Copy (9)

2023-02-14 19:15:17 - [TEST_STEP][PASSED] - openBrowser(""): Browser is opened with url: ''

2023-02-14 19:15:17 - [MESSAGE][INFO] - Starting 'Chrome' driver

2023-02-14 19:15:17 - [MESSAGE][INFO] - Action delay is set to 0 milliseconds

2023-02-14 19:15:22 - [MESSAGE][PASSED] - Browser is opened with url: ''

2023-02-14 19:15:22 - [TEST_STEP][PASSED] - navigateToUrl("https://www.google.com/"): Navigate to 'https://www.google.com/' successfully

2023-02-14 19:15:26 - [MESSAGE][PASSED] - Navigate to 'https://www.google.com/' successfully

2023-02-14 19:15:26 - [TEST_STEP][PASSED] - setText(findTestObject("Object Repository/Page_Google/input__q"), "cines unidos"): Text 'cines unidos' is set on object 'Object Repository/Page_Google/input__q'

2023-02-14 19:15:28 - [MESSAGE][PASSED] - Text 'cines unidos' is set on object 'Object Repository/Page_Google/input__q'

2023-02-14 19:15:28 - [TEST_STEP][PASSED] - sendKeys(findTestObject("Object Repository/Page_Google/input__q"), Keys.chord(ENTER)): Keys 'ENTER + ' sent to object: 'Object Repository/Page_Google/input__q'

2023-02-14 19:15:39 - [MESSAGE][PASSED] - Keys 'ENTER + ' sent to object: 'Object Repository/Page_Google/input__q'

2023-02-14 19:15:39 - [TEST_STEP][PASSED] - closeBrowser(): Browser is closed

2023-02-14 19:15:40 - [MESSAGE][PASSED] - Browser is closed]]></system-out>
         <system-err><![CDATA[]]></system-err>
      </testcase>
      <system-out><![CDATA[2023-02-14 19:15:15 - [TEST_SUITE][PASSED] - New Test Suite pulpito repetido - Copy (2): Test Cases/New Test Case- compucalitv - Copy (9)]]></system-out>
      <system-err><![CDATA[]]></system-err>
   </testsuite>
   <testsuite name="New Test Suite pulpito repetido - Copy (20)" tests="1" failures="0" errors="0" time="41.094" skipped="0" timestamp="2023-02-14 19:15:46" hostname="hexas - DESKTOP-C94ONF5.mshome.net" id="Test Suites/New Test Suite pulpito repetido - Copy (20)">
      <properties>
         <property name="deviceName" value=""/>
         <property name="devicePlatform" value=""/>
         <property name="logFolder" value="C:\\Users\\hexas\\git\\chungu\\Reports\\20230214_190752\\New Test Suite pulpito repetido - Copy (20)\\20230214_190817"/>
         <property name="logFiles" value="C:\\Users\\hexas\\git\\chungu\\Reports\\20230214_190752\\New Test Suite pulpito repetido - Copy (20)\\20230214_190817\\execution0.log"/>
         <property name="attachments" value=""/>
         <property name="hostName" value="hexas - DESKTOP-C94ONF5.mshome.net"/>
         <property name="os" value="Windows 10 64bit"/>
         <property name="katalonVersion" value="8.5.5.208"/>
         <property name="browser" value="Chrome 110.0.0.0"/>
         <property name="hostAddress" value="192.168.137.1"/>
         <property name="sessionId" value="8eb1edab2bc3ecfe5f7b8f4dac019dae"/>
         <property name="seleniumVersion" value="3.141.59"/>
         <property name="proxyInformation" value="ProxyInformation { proxyOption=NO_PROXY, proxyServerType=HTTP, username=, password=********, proxyServerAddress=, proxyServerPort=0, executionList=&quot;&quot;, isApplyToDesiredCapabilities=true }"/>
         <property name="platform" value="Windows 10"/>
      </properties>
      <testcase name="Test Cases/Test como crear un pulpito - Copy (18)" time="40.571" classname="Test Cases/Test como crear un pulpito - Copy (18)" status="PASSED">
         <system-out><![CDATA[2023-02-14 19:15:47 - [TEST_CASE][PASSED] - Test Cases/Test como crear un pulpito - Copy (18): Test Cases/Test como crear un pulpito - Copy (18)

2023-02-14 19:15:48 - [TEST_STEP][PASSED] - openBrowser(""): Browser is opened with url: ''

2023-02-14 19:15:48 - [MESSAGE][INFO] - Starting 'Chrome' driver

2023-02-14 19:15:49 - [MESSAGE][INFO] - Action delay is set to 0 milliseconds

2023-02-14 19:15:52 - [MESSAGE][PASSED] - Browser is opened with url: ''

2023-02-14 19:15:52 - [TEST_STEP][PASSED] - navigateToUrl("https://www.google.com/"): Navigate to 'https://www.google.com/' successfully

2023-02-14 19:15:59 - [MESSAGE][PASSED] - Navigate to 'https://www.google.com/' successfully

2023-02-14 19:15:59 - [TEST_STEP][PASSED] - setText(findTestObject("Object Repository/Page_Google/input__q (1)"), "como hacer un pulpito"): Text 'como hacer un pulpito' is set on object 'Object Repository/Page_Google/input__q (1)'

2023-02-14 19:16:01 - [MESSAGE][PASSED] - Text 'como hacer un pulpito' is set on object 'Object Repository/Page_Google/input__q (1)'

2023-02-14 19:16:01 - [TEST_STEP][PASSED] - sendKeys(findTestObject("Object Repository/Page_Google/input__q (1)"), Keys.chord(ENTER)): Keys 'ENTER + ' sent to object: 'Object Repository/Page_Google/input__q (1)'

2023-02-14 19:16:26 - [MESSAGE][PASSED] - Keys 'ENTER + ' sent to object: 'Object Repository/Page_Google/input__q (1)'

2023-02-14 19:16:26 - [TEST_STEP][PASSED] - closeBrowser(): Browser is closed

2023-02-14 19:16:27 - [MESSAGE][PASSED] - Browser is closed]]></system-out>
         <system-err><![CDATA[]]></system-err>
      </testcase>
      <system-out><![CDATA[2023-02-14 19:15:46 - [TEST_SUITE][PASSED] - New Test Suite pulpito repetido - Copy (20): Test Cases/Test como crear un pulpito - Copy (18)]]></system-out>
      <system-err><![CDATA[]]></system-err>
   </testsuite>
   <testsuite name="New Test Suite pulpito repetido - Copy (21)" tests="1" failures="0" errors="0" time="33.437" skipped="0" timestamp="2023-02-14 19:16:34" hostname="hexas - DESKTOP-C94ONF5.mshome.net" id="Test Suites/New Test Suite pulpito repetido - Copy (21)">
      <properties>
         <property name="deviceName" value=""/>
         <property name="devicePlatform" value=""/>
         <property name="logFolder" value="C:\\Users\\hexas\\git\\chungu\\Reports\\20230214_190752\\New Test Suite pulpito repetido - Copy (21)\\20230214_190819"/>
         <property name="logFiles" value="C:\\Users\\hexas\\git\\chungu\\Reports\\20230214_190752\\New Test Suite pulpito repetido - Copy (21)\\20230214_190819\\execution0.log"/>
         <property name="attachments" value=""/>
         <property name="hostName" value="hexas - DESKTOP-C94ONF5.mshome.net"/>
         <property name="os" value="Windows 10 64bit"/>
         <property name="katalonVersion" value="8.5.5.208"/>
         <property name="browser" value="Chrome 110.0.0.0"/>
         <property name="hostAddress" value="192.168.137.1"/>
         <property name="sessionId" value="b8e49570956a49ffd7c3ce98324564b7"/>
         <property name="seleniumVersion" value="3.141.59"/>
         <property name="proxyInformation" value="ProxyInformation { proxyOption=NO_PROXY, proxyServerType=HTTP, username=, password=********, proxyServerAddress=, proxyServerPort=0, executionList=&quot;&quot;, isApplyToDesiredCapabilities=true }"/>
         <property name="platform" value="Windows 10"/>
      </properties>
      <testcase name="Test Cases/Test como crear un pulpito - Copy (15)" time="32.891" classname="Test Cases/Test como crear un pulpito - Copy (15)" status="PASSED">
         <system-out><![CDATA[2023-02-14 19:16:34 - [TEST_CASE][PASSED] - Test Cases/Test como crear un pulpito - Copy (15): Test Cases/Test como crear un pulpito - Copy (15)

2023-02-14 19:16:35 - [TEST_STEP][PASSED] - openBrowser(""): Browser is opened with url: ''

2023-02-14 19:16:36 - [MESSAGE][INFO] - Starting 'Chrome' driver

2023-02-14 19:16:36 - [MESSAGE][INFO] - Action delay is set to 0 milliseconds

2023-02-14 19:16:39 - [MESSAGE][PASSED] - Browser is opened with url: ''

2023-02-14 19:16:39 - [TEST_STEP][PASSED] - navigateToUrl("https://www.google.com/"): Navigate to 'https://www.google.com/' successfully

2023-02-14 19:16:45 - [MESSAGE][PASSED] - Navigate to 'https://www.google.com/' successfully

2023-02-14 19:16:45 - [TEST_STEP][PASSED] - setText(findTestObject("Object Repository/Page_Google/input__q (1)"), "como hacer un pulpito"): Text 'como hacer un pulpito' is set on object 'Object Repository/Page_Google/input__q (1)'

2023-02-14 19:16:46 - [MESSAGE][PASSED] - Text 'como hacer un pulpito' is set on object 'Object Repository/Page_Google/input__q (1)'

2023-02-14 19:16:46 - [TEST_STEP][PASSED] - sendKeys(findTestObject("Object Repository/Page_Google/input__q (1)"), Keys.chord(ENTER)): Keys 'ENTER + ' sent to object: 'Object Repository/Page_Google/input__q (1)'

2023-02-14 19:17:06 - [MESSAGE][PASSED] - Keys 'ENTER + ' sent to object: 'Object Repository/Page_Google/input__q (1)'

2023-02-14 19:17:06 - [TEST_STEP][PASSED] - closeBrowser(): Browser is closed

2023-02-14 19:17:07 - [MESSAGE][PASSED] - Browser is closed]]></system-out>
         <system-err><![CDATA[]]></system-err>
      </testcase>
      <system-out><![CDATA[2023-02-14 19:16:34 - [TEST_SUITE][PASSED] - New Test Suite pulpito repetido - Copy (21): Test Cases/Test como crear un pulpito - Copy (15)]]></system-out>
      <system-err><![CDATA[]]></system-err>
   </testsuite>
   <testsuite name="New Test Suite pulpito repetido - Copy (22)" tests="1" failures="0" errors="0" time="34.186" skipped="0" timestamp="2023-02-14 19:17:14" hostname="hexas - DESKTOP-C94ONF5.mshome.net" id="Test Suites/New Test Suite pulpito repetido - Copy (22)">
      <properties>
         <property name="deviceName" value=""/>
         <property name="devicePlatform" value=""/>
         <property name="logFolder" value="C:\\Users\\hexas\\git\\chungu\\Reports\\20230214_190752\\New Test Suite pulpito repetido - Copy (22)\\20230214_190821"/>
         <property name="logFiles" value="C:\\Users\\hexas\\git\\chungu\\Reports\\20230214_190752\\New Test Suite pulpito repetido - Copy (22)\\20230214_190821\\execution0.log"/>
         <property name="attachments" value=""/>
         <property name="hostName" value="hexas - DESKTOP-C94ONF5.mshome.net"/>
         <property name="os" value="Windows 10 64bit"/>
         <property name="katalonVersion" value="8.5.5.208"/>
         <property name="browser" value="Chrome 110.0.0.0"/>
         <property name="hostAddress" value="192.168.137.1"/>
         <property name="sessionId" value="582e2f7cd223501d5a4676c37738bf20"/>
         <property name="seleniumVersion" value="3.141.59"/>
         <property name="proxyInformation" value="ProxyInformation { proxyOption=NO_PROXY, proxyServerType=HTTP, username=, password=********, proxyServerAddress=, proxyServerPort=0, executionList=&quot;&quot;, isApplyToDesiredCapabilities=true }"/>
         <property name="platform" value="Windows 10"/>
      </properties>
      <testcase name="Test Cases/Test como crear un pulpito - Copy (11)" time="33.649" classname="Test Cases/Test como crear un pulpito - Copy (11)" status="PASSED">
         <system-out><![CDATA[2023-02-14 19:17:14 - [TEST_CASE][PASSED] - Test Cases/Test como crear un pulpito - Copy (11): Test Cases/Test como crear un pulpito - Copy (11)

2023-02-14 19:17:15 - [TEST_STEP][PASSED] - openBrowser(""): Browser is opened with url: ''

2023-02-14 19:17:16 - [MESSAGE][INFO] - Starting 'Chrome' driver

2023-02-14 19:17:16 - [MESSAGE][INFO] - Action delay is set to 0 milliseconds

2023-02-14 19:17:19 - [MESSAGE][PASSED] - Browser is opened with url: ''

2023-02-14 19:17:19 - [TEST_STEP][PASSED] - navigateToUrl("https://www.google.com/"): Navigate to 'https://www.google.com/' successfully

2023-02-14 19:17:23 - [MESSAGE][PASSED] - Navigate to 'https://www.google.com/' successfully

2023-02-14 19:17:23 - [TEST_STEP][PASSED] - setText(findTestObject("Object Repository/Page_Google/input__q (1)"), "como hacer un pulpito"): Text 'como hacer un pulpito' is set on object 'Object Repository/Page_Google/input__q (1)'

2023-02-14 19:17:24 - [MESSAGE][PASSED] - Text 'como hacer un pulpito' is set on object 'Object Repository/Page_Google/input__q (1)'

2023-02-14 19:17:24 - [TEST_STEP][PASSED] - sendKeys(findTestObject("Object Repository/Page_Google/input__q (1)"), Keys.chord(ENTER)): Keys 'ENTER + ' sent to object: 'Object Repository/Page_Google/input__q (1)'

2023-02-14 19:17:47 - [MESSAGE][PASSED] - Keys 'ENTER + ' sent to object: 'Object Repository/Page_Google/input__q (1)'

2023-02-14 19:17:47 - [TEST_STEP][PASSED] - closeBrowser(): Browser is closed

2023-02-14 19:17:48 - [MESSAGE][PASSED] - Browser is closed]]></system-out>
         <system-err><![CDATA[]]></system-err>
      </testcase>
      <system-out><![CDATA[2023-02-14 19:17:14 - [TEST_SUITE][PASSED] - New Test Suite pulpito repetido - Copy (22): Test Cases/Test como crear un pulpito - Copy (11)]]></system-out>
      <system-err><![CDATA[]]></system-err>
   </testsuite>
   <testsuite name="New Test Suite pulpito repetido - Copy (23)" tests="1" failures="0" errors="0" time="18.09" skipped="0" timestamp="2023-02-14 19:17:54" hostname="hexas - DESKTOP-C94ONF5.mshome.net" id="Test Suites/New Test Suite pulpito repetido - Copy (23)">
      <properties>
         <property name="deviceName" value=""/>
         <property name="devicePlatform" value=""/>
         <property name="logFolder" value="C:\\Users\\hexas\\git\\chungu\\Reports\\20230214_190752\\New Test Suite pulpito repetido - Copy (23)\\20230214_190824"/>
         <property name="logFiles" value="C:\\Users\\hexas\\git\\chungu\\Reports\\20230214_190752\\New Test Suite pulpito repetido - Copy (23)\\20230214_190824\\execution0.log"/>
         <property name="attachments" value=""/>
         <property name="hostName" value="hexas - DESKTOP-C94ONF5.mshome.net"/>
         <property name="os" value="Windows 10 64bit"/>
         <property name="katalonVersion" value="8.5.5.208"/>
         <property name="browser" value="Chrome 110.0.0.0"/>
         <property name="hostAddress" value="192.168.137.1"/>
         <property name="sessionId" value="068fe608b6742386981f17e9625bbe50"/>
         <property name="seleniumVersion" value="3.141.59"/>
         <property name="proxyInformation" value="ProxyInformation { proxyOption=NO_PROXY, proxyServerType=HTTP, username=, password=********, proxyServerAddress=, proxyServerPort=0, executionList=&quot;&quot;, isApplyToDesiredCapabilities=true }"/>
         <property name="platform" value="Windows 10"/>
      </properties>
      <testcase name="Test Cases/Test como crear un pulpito - Copy (28)" time="17.564" classname="Test Cases/Test como crear un pulpito - Copy (28)" status="PASSED">
         <system-out><![CDATA[2023-02-14 19:17:54 - [TEST_CASE][PASSED] - Test Cases/Test como crear un pulpito - Copy (28): Test Cases/Test como crear un pulpito - Copy (28)

2023-02-14 19:17:55 - [TEST_STEP][PASSED] - openBrowser(""): Browser is opened with url: ''

2023-02-14 19:17:55 - [MESSAGE][INFO] - Starting 'Chrome' driver

2023-02-14 19:17:55 - [MESSAGE][INFO] - Action delay is set to 0 milliseconds

2023-02-14 19:17:59 - [MESSAGE][PASSED] - Browser is opened with url: ''

2023-02-14 19:17:59 - [TEST_STEP][PASSED] - navigateToUrl("https://www.google.com/"): Navigate to 'https://www.google.com/' successfully

2023-02-14 19:18:01 - [MESSAGE][PASSED] - Navigate to 'https://www.google.com/' successfully

2023-02-14 19:18:01 - [TEST_STEP][PASSED] - setText(findTestObject("Object Repository/Page_Google/input__q (1)"), "como hacer un pulpito"): Text 'como hacer un pulpito' is set on object 'Object Repository/Page_Google/input__q (1)'

2023-02-14 19:18:02 - [MESSAGE][PASSED] - Text 'como hacer un pulpito' is set on object 'Object Repository/Page_Google/input__q (1)'

2023-02-14 19:18:02 - [TEST_STEP][PASSED] - sendKeys(findTestObject("Object Repository/Page_Google/input__q (1)"), Keys.chord(ENTER)): Keys 'ENTER + ' sent to object: 'Object Repository/Page_Google/input__q (1)'

2023-02-14 19:18:11 - [MESSAGE][PASSED] - Keys 'ENTER + ' sent to object: 'Object Repository/Page_Google/input__q (1)'

2023-02-14 19:18:11 - [TEST_STEP][PASSED] - closeBrowser(): Browser is closed

2023-02-14 19:18:12 - [MESSAGE][PASSED] - Browser is closed]]></system-out>
         <system-err><![CDATA[]]></system-err>
      </testcase>
      <system-out><![CDATA[2023-02-14 19:17:54 - [TEST_SUITE][PASSED] - New Test Suite pulpito repetido - Copy (23): Test Cases/Test como crear un pulpito - Copy (28)]]></system-out>
      <system-err><![CDATA[]]></system-err>
   </testsuite>
   <testsuite name="New Test Suite pulpito repetido - Copy (24)" tests="1" failures="0" errors="0" time="23.824" skipped="0" timestamp="2023-02-14 19:18:20" hostname="hexas - DESKTOP-C94ONF5.mshome.net" id="Test Suites/New Test Suite pulpito repetido - Copy (24)">
      <properties>
         <property name="deviceName" value=""/>
         <property name="devicePlatform" value=""/>
         <property name="logFolder" value="C:\\Users\\hexas\\git\\chungu\\Reports\\20230214_190752\\New Test Suite pulpito repetido - Copy (24)\\20230214_190826"/>
         <property name="logFiles" value="C:\\Users\\hexas\\git\\chungu\\Reports\\20230214_190752\\New Test Suite pulpito repetido - Copy (24)\\20230214_190826\\execution0.log"/>
         <property name="attachments" value=""/>
         <property name="hostName" value="hexas - DESKTOP-C94ONF5.mshome.net"/>
         <property name="os" value="Windows 10 64bit"/>
         <property name="katalonVersion" value="8.5.5.208"/>
         <property name="browser" value="Chrome 110.0.0.0"/>
         <property name="hostAddress" value="192.168.137.1"/>
         <property name="sessionId" value="89812ab93f072c663fb54b0ffb239ba1"/>
         <property name="seleniumVersion" value="3.141.59"/>
         <property name="proxyInformation" value="ProxyInformation { proxyOption=NO_PROXY, proxyServerType=HTTP, username=, password=********, proxyServerAddress=, proxyServerPort=0, executionList=&quot;&quot;, isApplyToDesiredCapabilities=true }"/>
         <property name="platform" value="Windows 10"/>
      </properties>
      <testcase name="Test Cases/Test como crear un pulpito - Copy (31)" time="23.199" classname="Test Cases/Test como crear un pulpito - Copy (31)" status="PASSED">
         <system-out><![CDATA[2023-02-14 19:18:20 - [TEST_CASE][PASSED] - Test Cases/Test como crear un pulpito - Copy (31): Test Cases/Test como crear un pulpito - Copy (31)

2023-02-14 19:18:21 - [TEST_STEP][PASSED] - openBrowser(""): Browser is opened with url: ''

2023-02-14 19:18:22 - [MESSAGE][INFO] - Starting 'Chrome' driver

2023-02-14 19:18:23 - [MESSAGE][INFO] - Action delay is set to 0 milliseconds

2023-02-14 19:18:27 - [MESSAGE][PASSED] - Browser is opened with url: ''

2023-02-14 19:18:27 - [TEST_STEP][PASSED] - navigateToUrl("https://www.google.com/"): Navigate to 'https://www.google.com/' successfully

2023-02-14 19:18:30 - [MESSAGE][PASSED] - Navigate to 'https://www.google.com/' successfully

2023-02-14 19:18:30 - [TEST_STEP][PASSED] - setText(findTestObject("Object Repository/Page_Google/input__q (1)"), "como hacer un pulpito"): Text 'como hacer un pulpito' is set on object 'Object Repository/Page_Google/input__q (1)'

2023-02-14 19:18:32 - [MESSAGE][PASSED] - Text 'como hacer un pulpito' is set on object 'Object Repository/Page_Google/input__q (1)'

2023-02-14 19:18:32 - [TEST_STEP][PASSED] - sendKeys(findTestObject("Object Repository/Page_Google/input__q (1)"), Keys.chord(ENTER)): Keys 'ENTER + ' sent to object: 'Object Repository/Page_Google/input__q (1)'

2023-02-14 19:18:43 - [MESSAGE][PASSED] - Keys 'ENTER + ' sent to object: 'Object Repository/Page_Google/input__q (1)'

2023-02-14 19:18:43 - [TEST_STEP][PASSED] - closeBrowser(): Browser is closed

2023-02-14 19:18:44 - [MESSAGE][PASSED] - Browser is closed]]></system-out>
         <system-err><![CDATA[]]></system-err>
      </testcase>
      <system-out><![CDATA[2023-02-14 19:18:20 - [TEST_SUITE][PASSED] - New Test Suite pulpito repetido - Copy (24): Test Cases/Test como crear un pulpito - Copy (31)]]></system-out>
      <system-err><![CDATA[]]></system-err>
   </testsuite>
   <testsuite name="New Test Suite pulpito repetido - Copy (3)" tests="1" failures="0" errors="0" time="24.261" skipped="0" timestamp="2023-02-14 19:18:51" hostname="hexas - DESKTOP-C94ONF5.mshome.net" id="Test Suites/New Test Suite pulpito repetido - Copy (3)">
      <properties>
         <property name="deviceName" value=""/>
         <property name="devicePlatform" value=""/>
         <property name="logFolder" value="C:\\Users\\hexas\\git\\chungu\\Reports\\20230214_190752\\New Test Suite pulpito repetido - Copy (3)\\20230214_190828"/>
         <property name="logFiles" value="C:\\Users\\hexas\\git\\chungu\\Reports\\20230214_190752\\New Test Suite pulpito repetido - Copy (3)\\20230214_190828\\execution0.log"/>
         <property name="attachments" value=""/>
         <property name="hostName" value="hexas - DESKTOP-C94ONF5.mshome.net"/>
         <property name="os" value="Windows 10 64bit"/>
         <property name="katalonVersion" value="8.5.5.208"/>
         <property name="browser" value="Chrome 110.0.0.0"/>
         <property name="hostAddress" value="192.168.137.1"/>
         <property name="sessionId" value="8182b33295f639916956f63cf09f21f3"/>
         <property name="seleniumVersion" value="3.141.59"/>
         <property name="proxyInformation" value="ProxyInformation { proxyOption=NO_PROXY, proxyServerType=HTTP, username=, password=********, proxyServerAddress=, proxyServerPort=0, executionList=&quot;&quot;, isApplyToDesiredCapabilities=true }"/>
         <property name="platform" value="Windows 10"/>
      </properties>
      <testcase name="Test Cases/Test como crear un pulpito - Copy (23)" time="23.652" classname="Test Cases/Test como crear un pulpito - Copy (23)" status="PASSED">
         <system-out><![CDATA[2023-02-14 19:18:51 - [TEST_CASE][PASSED] - Test Cases/Test como crear un pulpito - Copy (23): Test Cases/Test como crear un pulpito - Copy (23)

2023-02-14 19:18:52 - [TEST_STEP][PASSED] - openBrowser(""): Browser is opened with url: ''

2023-02-14 19:18:54 - [MESSAGE][INFO] - Starting 'Chrome' driver

2023-02-14 19:18:54 - [MESSAGE][INFO] - Action delay is set to 0 milliseconds

2023-02-14 19:18:59 - [MESSAGE][PASSED] - Browser is opened with url: ''

2023-02-14 19:18:59 - [TEST_STEP][PASSED] - navigateToUrl("https://www.google.com/"): Navigate to 'https://www.google.com/' successfully

2023-02-14 19:19:02 - [MESSAGE][PASSED] - Navigate to 'https://www.google.com/' successfully

2023-02-14 19:19:02 - [TEST_STEP][PASSED] - setText(findTestObject("Object Repository/Page_Google/input__q (1)"), "como hacer un pulpito"): Text 'como hacer un pulpito' is set on object 'Object Repository/Page_Google/input__q (1)'

2023-02-14 19:19:03 - [MESSAGE][PASSED] - Text 'como hacer un pulpito' is set on object 'Object Repository/Page_Google/input__q (1)'

2023-02-14 19:19:03 - [TEST_STEP][PASSED] - sendKeys(findTestObject("Object Repository/Page_Google/input__q (1)"), Keys.chord(ENTER)): Keys 'ENTER + ' sent to object: 'Object Repository/Page_Google/input__q (1)'

2023-02-14 19:19:14 - [MESSAGE][PASSED] - Keys 'ENTER + ' sent to object: 'Object Repository/Page_Google/input__q (1)'

2023-02-14 19:19:14 - [TEST_STEP][PASSED] - closeBrowser(): Browser is closed

2023-02-14 19:19:15 - [MESSAGE][PASSED] - Browser is closed]]></system-out>
         <system-err><![CDATA[]]></system-err>
      </testcase>
      <system-out><![CDATA[2023-02-14 19:18:51 - [TEST_SUITE][PASSED] - New Test Suite pulpito repetido - Copy (3): Test Cases/Test como crear un pulpito - Copy (23)]]></system-out>
      <system-err><![CDATA[]]></system-err>
   </testsuite>
   <testsuite name="New Test Suite pulpito repetido - Copy (25)" tests="1" failures="0" errors="0" time="37.562" skipped="0" timestamp="2023-02-14 19:19:21" hostname="hexas - DESKTOP-C94ONF5.mshome.net" id="Test Suites/New Test Suite pulpito repetido - Copy (25)">
      <properties>
         <property name="deviceName" value=""/>
         <property name="devicePlatform" value=""/>
         <property name="logFolder" value="C:\\Users\\hexas\\git\\chungu\\Reports\\20230214_190752\\New Test Suite pulpito repetido - Copy (25)\\20230214_190830"/>
         <property name="logFiles" value="C:\\Users\\hexas\\git\\chungu\\Reports\\20230214_190752\\New Test Suite pulpito repetido - Copy (25)\\20230214_190830\\execution0.log"/>
         <property name="attachments" value=""/>
         <property name="hostName" value="hexas - DESKTOP-C94ONF5.mshome.net"/>
         <property name="os" value="Windows 10 64bit"/>
         <property name="katalonVersion" value="8.5.5.208"/>
         <property name="browser" value="Chrome 110.0.0.0"/>
         <property name="hostAddress" value="192.168.137.1"/>
         <property name="sessionId" value="ee4aa830b458596f910aad4d468525d1"/>
         <property name="seleniumVersion" value="3.141.59"/>
         <property name="proxyInformation" value="ProxyInformation { proxyOption=NO_PROXY, proxyServerType=HTTP, username=, password=********, proxyServerAddress=, proxyServerPort=0, executionList=&quot;&quot;, isApplyToDesiredCapabilities=true }"/>
         <property name="platform" value="Windows 10"/>
      </properties>
      <testcase name="Test Cases/Test como crear un pulpito - Copy (19)" time="37.037" classname="Test Cases/Test como crear un pulpito - Copy (19)" status="PASSED">
         <system-out><![CDATA[2023-02-14 19:19:22 - [TEST_CASE][PASSED] - Test Cases/Test como crear un pulpito - Copy (19): Test Cases/Test como crear un pulpito - Copy (19)

2023-02-14 19:19:23 - [TEST_STEP][PASSED] - openBrowser(""): Browser is opened with url: ''

2023-02-14 19:19:23 - [MESSAGE][INFO] - Starting 'Chrome' driver

2023-02-14 19:19:24 - [MESSAGE][INFO] - Action delay is set to 0 milliseconds

2023-02-14 19:19:27 - [MESSAGE][PASSED] - Browser is opened with url: ''

2023-02-14 19:19:27 - [TEST_STEP][PASSED] - navigateToUrl("https://www.google.com/"): Navigate to 'https://www.google.com/' successfully

2023-02-14 19:19:32 - [MESSAGE][PASSED] - Navigate to 'https://www.google.com/' successfully

2023-02-14 19:19:32 - [TEST_STEP][PASSED] - setText(findTestObject("Object Repository/Page_Google/input__q (1)"), "como hacer un pulpito"): Text 'como hacer un pulpito' is set on object 'Object Repository/Page_Google/input__q (1)'

2023-02-14 19:19:34 - [MESSAGE][PASSED] - Text 'como hacer un pulpito' is set on object 'Object Repository/Page_Google/input__q (1)'

2023-02-14 19:19:34 - [TEST_STEP][PASSED] - sendKeys(findTestObject("Object Repository/Page_Google/input__q (1)"), Keys.chord(ENTER)): Keys 'ENTER + ' sent to object: 'Object Repository/Page_Google/input__q (1)'

2023-02-14 19:19:58 - [MESSAGE][PASSED] - Keys 'ENTER + ' sent to object: 'Object Repository/Page_Google/input__q (1)'

2023-02-14 19:19:58 - [TEST_STEP][PASSED] - closeBrowser(): Browser is closed

2023-02-14 19:19:59 - [MESSAGE][PASSED] - Browser is closed]]></system-out>
         <system-err><![CDATA[]]></system-err>
      </testcase>
      <system-out><![CDATA[2023-02-14 19:19:21 - [TEST_SUITE][PASSED] - New Test Suite pulpito repetido - Copy (25): Test Cases/Test como crear un pulpito - Copy (19)]]></system-out>
      <system-err><![CDATA[]]></system-err>
   </testsuite>
   <testsuite name="New Test Suite pulpito repetido - Copy (4)" tests="1" failures="0" errors="0" time="29.876" skipped="0" timestamp="2023-02-14 19:20:07" hostname="hexas - DESKTOP-C94ONF5.mshome.net" id="Test Suites/New Test Suite pulpito repetido - Copy (4)">
      <properties>
         <property name="deviceName" value=""/>
         <property name="devicePlatform" value=""/>
         <property name="logFolder" value="C:\\Users\\hexas\\git\\chungu\\Reports\\20230214_190752\\New Test Suite pulpito repetido - Copy (4)\\20230214_190832"/>
         <property name="logFiles" value="C:\\Users\\hexas\\git\\chungu\\Reports\\20230214_190752\\New Test Suite pulpito repetido - Copy (4)\\20230214_190832\\execution0.log"/>
         <property name="attachments" value=""/>
         <property name="hostName" value="hexas - DESKTOP-C94ONF5.mshome.net"/>
         <property name="os" value="Windows 10 64bit"/>
         <property name="katalonVersion" value="8.5.5.208"/>
         <property name="browser" value="Chrome 110.0.0.0"/>
         <property name="hostAddress" value="192.168.137.1"/>
         <property name="sessionId" value="380b1a9748b3acb471f6decc3aa981e8"/>
         <property name="seleniumVersion" value="3.141.59"/>
         <property name="proxyInformation" value="ProxyInformation { proxyOption=NO_PROXY, proxyServerType=HTTP, username=, password=********, proxyServerAddress=, proxyServerPort=0, executionList=&quot;&quot;, isApplyToDesiredCapabilities=true }"/>
         <property name="platform" value="Windows 10"/>
      </properties>
      <testcase name="Test Cases/Test como crear un pulpito - Copy (2)" time="29.134" classname="Test Cases/Test como crear un pulpito - Copy (2)" status="PASSED">
         <system-out><![CDATA[2023-02-14 19:20:07 - [TEST_CASE][PASSED] - Test Cases/Test como crear un pulpito - Copy (2): Test Cases/Test como crear un pulpito - Copy (2)

2023-02-14 19:20:08 - [TEST_STEP][PASSED] - openBrowser(""): Browser is opened with url: ''

2023-02-14 19:20:09 - [MESSAGE][INFO] - Starting 'Chrome' driver

2023-02-14 19:20:09 - [MESSAGE][INFO] - Action delay is set to 0 milliseconds

2023-02-14 19:20:14 - [MESSAGE][PASSED] - Browser is opened with url: ''

2023-02-14 19:20:14 - [TEST_STEP][PASSED] - navigateToUrl("https://www.google.com/"): Navigate to 'https://www.google.com/' successfully

2023-02-14 19:20:17 - [MESSAGE][PASSED] - Navigate to 'https://www.google.com/' successfully

2023-02-14 19:20:17 - [TEST_STEP][PASSED] - setText(findTestObject("Object Repository/Page_Google/input__q (1)"), "como hacer un pulpito"): Text 'como hacer un pulpito' is set on object 'Object Repository/Page_Google/input__q (1)'

2023-02-14 19:20:18 - [MESSAGE][PASSED] - Text 'como hacer un pulpito' is set on object 'Object Repository/Page_Google/input__q (1)'

2023-02-14 19:20:18 - [TEST_STEP][PASSED] - sendKeys(findTestObject("Object Repository/Page_Google/input__q (1)"), Keys.chord(ENTER)): Keys 'ENTER + ' sent to object: 'Object Repository/Page_Google/input__q (1)'

2023-02-14 19:20:36 - [MESSAGE][PASSED] - Keys 'ENTER + ' sent to object: 'Object Repository/Page_Google/input__q (1)'

2023-02-14 19:20:36 - [TEST_STEP][PASSED] - closeBrowser(): Browser is closed

2023-02-14 19:20:36 - [MESSAGE][PASSED] - Browser is closed]]></system-out>
         <system-err><![CDATA[]]></system-err>
      </testcase>
      <system-out><![CDATA[2023-02-14 19:20:07 - [TEST_SUITE][PASSED] - New Test Suite pulpito repetido - Copy (4): Test Cases/Test como crear un pulpito - Copy (2)]]></system-out>
      <system-err><![CDATA[]]></system-err>
   </testsuite>
   <testsuite name="New Test Suite pulpito repetido - Copy (5)" tests="1" failures="0" errors="0" time="22.575" skipped="0" timestamp="2023-02-14 19:20:43" hostname="hexas - DESKTOP-C94ONF5.mshome.net" id="Test Suites/New Test Suite pulpito repetido - Copy (5)">
      <properties>
         <property name="deviceName" value=""/>
         <property name="devicePlatform" value=""/>
         <property name="logFolder" value="C:\\Users\\hexas\\git\\chungu\\Reports\\20230214_190752\\New Test Suite pulpito repetido - Copy (5)\\20230214_190834"/>
         <property name="logFiles" value="C:\\Users\\hexas\\git\\chungu\\Reports\\20230214_190752\\New Test Suite pulpito repetido - Copy (5)\\20230214_190834\\execution0.log"/>
         <property name="attachments" value=""/>
         <property name="hostName" value="hexas - DESKTOP-C94ONF5.mshome.net"/>
         <property name="os" value="Windows 10 64bit"/>
         <property name="katalonVersion" value="8.5.5.208"/>
         <property name="browser" value="Chrome 110.0.0.0"/>
         <property name="hostAddress" value="192.168.137.1"/>
         <property name="sessionId" value="bfb8186b71599edf7c88fe6fd4669ab2"/>
         <property name="seleniumVersion" value="3.141.59"/>
         <property name="proxyInformation" value="ProxyInformation { proxyOption=NO_PROXY, proxyServerType=HTTP, username=, password=********, proxyServerAddress=, proxyServerPort=0, executionList=&quot;&quot;, isApplyToDesiredCapabilities=true }"/>
         <property name="platform" value="Windows 10"/>
      </properties>
      <testcase name="Test Cases/Test como crear un pulpito - Copy (23)" time="21.88" classname="Test Cases/Test como crear un pulpito - Copy (23)" status="PASSED">
         <system-out><![CDATA[2023-02-14 19:20:43 - [TEST_CASE][PASSED] - Test Cases/Test como crear un pulpito - Copy (23): Test Cases/Test como crear un pulpito - Copy (23)

2023-02-14 19:20:45 - [TEST_STEP][PASSED] - openBrowser(""): Browser is opened with url: ''

2023-02-14 19:20:45 - [MESSAGE][INFO] - Starting 'Chrome' driver

2023-02-14 19:20:45 - [MESSAGE][INFO] - Action delay is set to 0 milliseconds

2023-02-14 19:20:49 - [MESSAGE][PASSED] - Browser is opened with url: ''

2023-02-14 19:20:49 - [TEST_STEP][PASSED] - navigateToUrl("https://www.google.com/"): Navigate to 'https://www.google.com/' successfully

2023-02-14 19:20:52 - [MESSAGE][PASSED] - Navigate to 'https://www.google.com/' successfully

2023-02-14 19:20:52 - [TEST_STEP][PASSED] - setText(findTestObject("Object Repository/Page_Google/input__q (1)"), "como hacer un pulpito"): Text 'como hacer un pulpito' is set on object 'Object Repository/Page_Google/input__q (1)'

2023-02-14 19:20:53 - [MESSAGE][PASSED] - Text 'como hacer un pulpito' is set on object 'Object Repository/Page_Google/input__q (1)'

2023-02-14 19:20:53 - [TEST_STEP][PASSED] - sendKeys(findTestObject("Object Repository/Page_Google/input__q (1)"), Keys.chord(ENTER)): Keys 'ENTER + ' sent to object: 'Object Repository/Page_Google/input__q (1)'

2023-02-14 19:21:04 - [MESSAGE][PASSED] - Keys 'ENTER + ' sent to object: 'Object Repository/Page_Google/input__q (1)'

2023-02-14 19:21:04 - [TEST_STEP][PASSED] - closeBrowser(): Browser is closed

2023-02-14 19:21:05 - [MESSAGE][PASSED] - Browser is closed]]></system-out>
         <system-err><![CDATA[]]></system-err>
      </testcase>
      <system-out><![CDATA[2023-02-14 19:20:43 - [TEST_SUITE][PASSED] - New Test Suite pulpito repetido - Copy (5): Test Cases/Test como crear un pulpito - Copy (23)]]></system-out>
      <system-err><![CDATA[]]></system-err>
   </testsuite>
   <testsuite name="New Test Suite pulpito repetido - Copy (6)" tests="1" failures="0" errors="0" time="23.305" skipped="0" timestamp="2023-02-14 19:21:12" hostname="hexas - DESKTOP-C94ONF5.mshome.net" id="Test Suites/New Test Suite pulpito repetido - Copy (6)">
      <properties>
         <property name="deviceName" value=""/>
         <property name="devicePlatform" value=""/>
         <property name="logFolder" value="C:\\Users\\hexas\\git\\chungu\\Reports\\20230214_190752\\New Test Suite pulpito repetido - Copy (6)\\20230214_190836"/>
         <property name="logFiles" value="C:\\Users\\hexas\\git\\chungu\\Reports\\20230214_190752\\New Test Suite pulpito repetido - Copy (6)\\20230214_190836\\execution0.log"/>
         <property name="attachments" value=""/>
         <property name="hostName" value="hexas - DESKTOP-C94ONF5.mshome.net"/>
         <property name="os" value="Windows 10 64bit"/>
         <property name="katalonVersion" value="8.5.5.208"/>
         <property name="browser" value="Chrome 110.0.0.0"/>
         <property name="hostAddress" value="192.168.137.1"/>
         <property name="sessionId" value="50b01228ce4f3e3f86d41692ffe02a4d"/>
         <property name="seleniumVersion" value="3.141.59"/>
         <property name="proxyInformation" value="ProxyInformation { proxyOption=NO_PROXY, proxyServerType=HTTP, username=, password=********, proxyServerAddress=, proxyServerPort=0, executionList=&quot;&quot;, isApplyToDesiredCapabilities=true }"/>
         <property name="platform" value="Windows 10"/>
      </properties>
      <testcase name="Test Cases/Test como crear un pulpito - Copy (20)" time="22.754" classname="Test Cases/Test como crear un pulpito - Copy (20)" status="PASSED">
         <system-out><![CDATA[2023-02-14 19:21:13 - [TEST_CASE][PASSED] - Test Cases/Test como crear un pulpito - Copy (20): Test Cases/Test como crear un pulpito - Copy (20)

[...]

2023-02-14 19:36:27 - [TEST_STEP][PASSED] - closeBrowser(): Browser is closed

2023-02-14 19:36:28 - [MESSAGE][PASSED] - Browser is closed]]></system-out>
         <system-err><![CDATA[]]></system-err>
      </testcase>
      <testcase name="Test Cases/New Test Case- compucalitv - Copy (24)" time="11.805" classname="Test Cases/New Test Case- compucalitv - Copy (24)" status="PASSED">
         <system-out><![CDATA[2023-02-14 19:36:28 - [TEST_CASE][PASSED] - Test Cases/New Test Case- compucalitv - Copy (24): Test Cases/New Test Case- compucalitv - Copy (24)

2023-02-14 19:36:29 - [TEST_STEP][PASSED] - openBrowser(""): Browser is opened with url: ''

2023-02-14 19:36:29 - [MESSAGE][INFO] - Starting 'Chrome' driver

2023-02-14 19:36:29 - [MESSAGE][INFO] - Action delay is set to 0 milliseconds

2023-02-14 19:36:31 - [MESSAGE][PASSED] - Browser is opened with url: ''

2023-02-14 19:36:31 - [TEST_STEP][PASSED] - navigateToUrl("https://www.google.com/"): Navigate to 'https://www.google.com/' successfully

2023-02-14 19:36:33 - [MESSAGE][PASSED] - Navigate to 'https://www.google.com/' successfully

2023-02-14 19:36:33 - [TEST_STEP][PASSED] - setText(findTestObject("Object Repository/Page_Google/input__q"), "cines unidos"): Text 'cines unidos' is set on object 'Object Repository/Page_Google/input__q'

2023-02-14 19:36:34 - [MESSAGE][PASSED] - Text 'cines unidos' is set on object 'Object Repository/Page_Google/input__q'

2023-02-14 19:36:34 - [TEST_STEP][PASSED] - sendKeys(findTestObject("Object Repository/Page_Google/input__q"), Keys.chord(ENTER)): Keys 'ENTER + ' sent to object: 'Object Repository/Page_Google/input__q'

2023-02-14 19:36:39 - [MESSAGE][PASSED] - Keys 'ENTER + ' sent to object: 'Object Repository/Page_Google/input__q'

2023-02-14 19:36:39 - [TEST_STEP][PASSED] - closeBrowser(): Browser is closed

2023-02-14 19:36:40 - [MESSAGE][PASSED] - Browser is closed]]></system-out>
         <system-err><![CDATA[]]></system-err>
      </testcase>
      <testcase name="Test Cases/New Test Case- compucalitv - Copy (3)" time="13.852" classname="Test Cases/New Test Case- compucalitv - Copy (3)" status="PASSED">
         <system-out><![CDATA[2023-02-14 19:36:40 - [TEST_CASE][PASSED] - Test Cases/New Test Case- compucalitv - Copy (3): Test Cases/New Test Case- compucalitv - Copy (3)

2023-02-14 19:36:41 - [TEST_STEP][PASSED] - openBrowser(""): Browser is opened with url: ''

2023-02-14 19:36:41 - [MESSAGE][INFO] - Starting 'Chrome' driver

2023-02-14 19:36:41 - [MESSAGE][INFO] - Action delay is set to 0 milliseconds

2023-02-14 19:36:43 - [MESSAGE][PASSED] - Browser is opened with url: ''

2023-02-14 19:36:43 - [TEST_STEP][PASSED] - navigateToUrl("https://www.google.com/"): Navigate to 'https://www.google.com/' successfully

2023-02-14 19:36:45 - [MESSAGE][PASSED] - Navigate to 'https://www.google.com/' successfully

2023-02-14 19:36:45 - [TEST_STEP][PASSED] - setText(findTestObject("Object Repository/Page_Google/input__q"), "cines unidos"): Text 'cines unidos' is set on object 'Object Repository/Page_Google/input__q'

2023-02-14 19:36:46 - [MESSAGE][PASSED] - Text 'cines unidos' is set on object 'Object Repository/Page_Google/input__q'

2023-02-14 19:36:46 - [TEST_STEP][PASSED] - sendKeys(findTestObject("Object Repository/Page_Google/input__q"), Keys.chord(ENTER)): Keys 'ENTER + ' sent to object: 'Object Repository/Page_Google/input__q'

2023-02-14 19:36:53 - [MESSAGE][PASSED] - Keys 'ENTER + ' sent to object: 'Object Repository/Page_Google/input__q'

2023-02-14 19:36:53 - [TEST_STEP][PASSED] - closeBrowser(): Browser is closed

2023-02-14 19:36:54 - [MESSAGE][PASSED] - Browser is closed]]></system-out>
         <system-err><![CDATA[]]></system-err>
      </testcase>
      <testcase name="Test Cases/New Test Case- compucalitv - Copy (5)" time="16.588" classname="Test Cases/New Test Case- compucalitv - Copy (5)" status="PASSED">
         <system-out><![CDATA[2023-02-14 19:36:54 - [TEST_CASE][PASSED] - Test Cases/New Test Case- compucalitv - Copy (5): Test Cases/New Test Case- compucalitv - Copy (5)

2023-02-14 19:36:54 - [TEST_STEP][PASSED] - openBrowser(""): Browser is opened with url: ''

2023-02-14 19:36:54 - [MESSAGE][INFO] - Starting 'Chrome' driver

2023-02-14 19:36:54 - [MESSAGE][INFO] - Action delay is set to 0 milliseconds

2023-02-14 19:36:57 - [MESSAGE][PASSED] - Browser is opened with url: ''

2023-02-14 19:36:57 - [TEST_STEP][PASSED] - navigateToUrl("https://www.google.com/"): Navigate to 'https://www.google.com/' successfully

2023-02-14 19:37:00 - [MESSAGE][PASSED] - Navigate to 'https://www.google.com/' successfully

2023-02-14 19:37:00 - [TEST_STEP][PASSED] - setText(findTestObject("Object Repository/Page_Google/input__q"), "cines unidos"): Text 'cines unidos' is set on object 'Object Repository/Page_Google/input__q'

2023-02-14 19:37:02 - [MESSAGE][PASSED] - Text 'cines unidos' is set on object 'Object Repository/Page_Google/input__q'

2023-02-14 19:37:02 - [TEST_STEP][PASSED] - sendKeys(findTestObject("Object Repository/Page_Google/input__q"), Keys.chord(ENTER)): Keys 'ENTER + ' sent to object: 'Object Repository/Page_Google/input__q'

2023-02-14 19:37:09 - [MESSAGE][PASSED] - Keys 'ENTER + ' sent to object: 'Object Repository/Page_Google/input__q'

2023-02-14 19:37:09 - [TEST_STEP][PASSED] - closeBrowser(): Browser is closed

2023-02-14 19:37:10 - [MESSAGE][PASSED] - Browser is closed]]></system-out>
         <system-err><![CDATA[]]></system-err>
      </testcase>
      <testcase name="Test Cases/New Test Case- compucalitv - Copy (4)" time="17.614" classname="Test Cases/New Test Case- compucalitv - Copy (4)" status="PASSED">
         <system-out><![CDATA[2023-02-14 19:37:10 - [TEST_CASE][PASSED] - Test Cases/New Test Case- compucalitv - Copy (4): Test Cases/New Test Case- compucalitv - Copy (4)

2023-02-14 19:37:11 - [TEST_STEP][PASSED] - openBrowser(""): Browser is opened with url: ''

2023-02-14 19:37:11 - [MESSAGE][INFO] - Starting 'Chrome' driver

2023-02-14 19:37:11 - [MESSAGE][INFO] - Action delay is set to 0 milliseconds

2023-02-14 19:37:13 - [MESSAGE][PASSED] - Browser is opened with url: ''

2023-02-14 19:37:13 - [TEST_STEP][PASSED] - navigateToUrl("https://www.google.com/"): Navigate to 'https://www.google.com/' successfully

2023-02-14 19:37:17 - [MESSAGE][PASSED] - Navigate to 'https://www.google.com/' successfully

2023-02-14 19:37:17 - [TEST_STEP][PASSED] - setText(findTestObject("Object Repository/Page_Google/input__q"), "cines unidos"): Text 'cines unidos' is set on object 'Object Repository/Page_Google/input__q'

2023-02-14 19:37:18 - [MESSAGE][PASSED] - Text 'cines unidos' is set on object 'Object Repository/Page_Google/input__q'

2023-02-14 19:37:18 - [TEST_STEP][PASSED] - sendKeys(findTestObject("Object Repository/Page_Google/input__q"), Keys.chord(ENTER)): Keys 'ENTER + ' sent to object: 'Object Repository/Page_Google/input__q'

2023-02-14 19:37:27 - [MESSAGE][PASSED] - Keys 'ENTER + ' sent to object: 'Object Repository/Page_Google/input__q'

2023-02-14 19:37:27 - [TEST_STEP][PASSED] - closeBrowser(): Browser is closed

2023-02-14 19:37:28 - [MESSAGE][PASSED] - Browser is closed]]></system-out>
         <system-err><![CDATA[]]></system-err>
      </testcase>
      <testcase name="Test Cases/New Test Case- compucalitv - Copy (6)" time="20.753" classname="Test Cases/New Test Case- compucalitv - Copy (6)" status="PASSED">
         <system-out><![CDATA[2023-02-14 19:37:28 - [TEST_CASE][PASSED] - Test Cases/New Test Case- compucalitv - Copy (6): Test Cases/New Test Case- compucalitv - Copy (6)

2023-02-14 19:37:29 - [TEST_STEP][PASSED] - openBrowser(""): Browser is opened with url: ''

2023-02-14 19:37:29 - [MESSAGE][INFO] - Starting 'Chrome' driver

2023-02-14 19:37:29 - [MESSAGE][INFO] - Action delay is set to 0 milliseconds

2023-02-14 19:37:30 - [MESSAGE][PASSED] - Browser is opened with url: ''

2023-02-14 19:37:30 - [TEST_STEP][PASSED] - navigateToUrl("https://www.google.com/"): Navigate to 'https://www.google.com/' successfully

2023-02-14 19:37:37 - [MESSAGE][PASSED] - Navigate to 'https://www.google.com/' successfully

2023-02-14 19:37:37 - [TEST_STEP][PASSED] - setText(findTestObject("Object Repository/Page_Google/input__q"), "cines unidos"): Text 'cines unidos' is set on object 'Object Repository/Page_Google/input__q'

2023-02-14 19:37:39 - [MESSAGE][PASSED] - Text 'cines unidos' is set on object 'Object Repository/Page_Google/input__q'

2023-02-14 19:37:39 - [TEST_STEP][PASSED] - sendKeys(findTestObject("Object Repository/Page_Google/input__q"), Keys.chord(ENTER)): Keys 'ENTER + ' sent to object: 'Object Repository/Page_Google/input__q'

2023-02-14 19:37:48 - [MESSAGE][PASSED] - Keys 'ENTER + ' sent to object: 'Object Repository/Page_Google/input__q'

2023-02-14 19:37:48 - [TEST_STEP][PASSED] - closeBrowser(): Browser is closed

2023-02-14 19:37:49 - [MESSAGE][PASSED] - Browser is closed]]></system-out>
         <system-err><![CDATA[]]></system-err>
      </testcase>
      <testcase name="Test Cases/New Test Case- compucalitv - Copy (7)" time="26.175" classname="Test Cases/New Test Case- compucalitv - Copy (7)" status="PASSED">
         <system-out><![CDATA[2023-02-14 19:37:49 - [TEST_CASE][PASSED] - Test Cases/New Test Case- compucalitv - Copy (7): Test Cases/New Test Case- compucalitv - Copy (7)

2023-02-14 19:37:50 - [TEST_STEP][PASSED] - openBrowser(""): Browser is opened with url: ''

2023-02-14 19:37:50 - [MESSAGE][INFO] - Starting 'Chrome' driver

2023-02-14 19:37:50 - [MESSAGE][INFO] - Action delay is set to 0 milliseconds

2023-02-14 19:37:52 - [MESSAGE][PASSED] - Browser is opened with url: ''

2023-02-14 19:37:52 - [TEST_STEP][PASSED] - navigateToUrl("https://www.google.com/"): Navigate to 'https://www.google.com/' successfully

2023-02-14 19:38:00 - [MESSAGE][PASSED] - Navigate to 'https://www.google.com/' successfully

2023-02-14 19:38:00 - [TEST_STEP][PASSED] - setText(findTestObject("Object Repository/Page_Google/input__q"), "cines unidos"): Text 'cines unidos' is set on object 'Object Repository/Page_Google/input__q'

2023-02-14 19:38:01 - [MESSAGE][PASSED] - Text 'cines unidos' is set on object 'Object Repository/Page_Google/input__q'

2023-02-14 19:38:01 - [TEST_STEP][PASSED] - sendKeys(findTestObject("Object Repository/Page_Google/input__q"), Keys.chord(ENTER)): Keys 'ENTER + ' sent to object: 'Object Repository/Page_Google/input__q'

2023-02-14 19:38:14 - [MESSAGE][PASSED] - Keys 'ENTER + ' sent to object: 'Object Repository/Page_Google/input__q'

2023-02-14 19:38:14 - [TEST_STEP][PASSED] - closeBrowser(): Browser is closed

2023-02-14 19:38:15 - [MESSAGE][PASSED] - Browser is closed]]></system-out>
         <system-err><![CDATA[]]></system-err>
      </testcase>
      <testcase name="Test Cases/New Test Case- compucalitv - Copy (8)" time="26.664" classname="Test Cases/New Test Case- compucalitv - Copy (8)" status="PASSED">
         <system-out><![CDATA[2023-02-14 19:38:15 - [TEST_CASE][PASSED] - Test Cases/New Test Case- compucalitv - Copy (8): Test Cases/New Test Case- compucalitv - Copy (8)

2023-02-14 19:38:16 - [TEST_STEP][PASSED] - openBrowser(""): Browser is opened with url: ''

2023-02-14 19:38:16 - [MESSAGE][INFO] - Starting 'Chrome' driver

2023-02-14 19:38:16 - [MESSAGE][INFO] - Action delay is set to 0 milliseconds

2023-02-14 19:38:18 - [MESSAGE][PASSED] - Browser is opened with url: ''

2023-02-14 19:38:18 - [TEST_STEP][PASSED] - navigateToUrl("https://www.google.com/"): Navigate to 'https://www.google.com/' successfully

2023-02-14 19:38:26 - [MESSAGE][PASSED] - Navigate to 'https://www.google.com/' successfully

2023-02-14 19:38:26 - [TEST_STEP][PASSED] - setText(findTestObject("Object Repository/Page_Google/input__q"), "cines unidos"): Text 'cines unidos' is set on object 'Object Repository/Page_Google/input__q'

2023-02-14 19:38:26 - [MESSAGE][PASSED] - Text 'cines unidos' is set on object 'Object Repository/Page_Google/input__q'

2023-02-14 19:38:26 - [TEST_STEP][PASSED] - sendKeys(findTestObject("Object Repository/Page_Google/input__q"), Keys.chord(ENTER)): Keys 'ENTER + ' sent to object: 'Object Repository/Page_Google/input__q'

2023-02-14 19:38:40 - [MESSAGE][PASSED] - Keys 'ENTER + ' sent to object: 'Object Repository/Page_Google/input__q'

2023-02-14 19:38:40 - [TEST_STEP][PASSED] - closeBrowser(): Browser is closed

2023-02-14 19:38:42 - [MESSAGE][PASSED] - Browser is closed]]></system-out>
         <system-err><![CDATA[]]></system-err>
      </testcase>
      <testcase name="Test Cases/New Test Case- compucalitv - Copy (9)" time="17.089" classname="Test Cases/New Test Case- compucalitv - Copy (9)" status="PASSED">
         <system-out><![CDATA[2023-02-14 19:38:42 - [TEST_CASE][PASSED] - Test Cases/New Test Case- compucalitv - Copy (9): Test Cases/New Test Case- compucalitv - Copy (9)

2023-02-14 19:38:42 - [TEST_STEP][PASSED] - openBrowser(""): Browser is opened with url: ''

2023-02-14 19:38:42 - [MESSAGE][INFO] - Starting 'Chrome' driver

2023-02-14 19:38:42 - [MESSAGE][INFO] - Action delay is set to 0 milliseconds

2023-02-14 19:38:44 - [MESSAGE][PASSED] - Browser is opened with url: ''

2023-02-14 19:38:44 - [TEST_STEP][PASSED] - navigateToUrl("https://www.google.com/"): Navigate to 'https://www.google.com/' successfully

2023-02-14 19:38:47 - [MESSAGE][PASSED] - Navigate to 'https://www.google.com/' successfully

2023-02-14 19:38:47 - [TEST_STEP][PASSED] - setText(findTestObject("Object Repository/Page_Google/input__q"), "cines unidos"): Text 'cines unidos' is set on object 'Object Repository/Page_Google/input__q'

2023-02-14 19:38:48 - [MESSAGE][PASSED] - Text 'cines unidos' is set on object 'Object Repository/Page_Google/input__q'

2023-02-14 19:38:48 - [TEST_STEP][PASSED] - sendKeys(findTestObject("Object Repository/Page_Google/input__q"), Keys.chord(ENTER)): Keys 'ENTER + ' sent to object: 'Object Repository/Page_Google/input__q'

2023-02-14 19:38:58 - [MESSAGE][PASSED] - Keys 'ENTER + ' sent to object: 'Object Repository/Page_Google/input__q'

2023-02-14 19:38:58 - [TEST_STEP][PASSED] - closeBrowser(): Browser is closed

2023-02-14 19:38:59 - [MESSAGE][PASSED] - Browser is closed]]></system-out>
         <system-err><![CDATA[]]></system-err>
      </testcase>
      <testcase name="Test Cases/New Test Case- compucalitv - Copy - Copy" time="17.842" classname="Test Cases/New Test Case- compucalitv - Copy - Copy" status="PASSED">
         <system-out><![CDATA[2023-02-14 19:38:59 - [TEST_CASE][PASSED] - Test Cases/New Test Case- compucalitv - Copy - Copy: Test Cases/New Test Case- compucalitv - Copy - Copy

2023-02-14 19:38:59 - [TEST_STEP][PASSED] - openBrowser(""): Browser is opened with url: ''

2023-02-14 19:38:59 - [MESSAGE][INFO] - Starting 'Chrome' driver

2023-02-14 19:38:59 - [MESSAGE][INFO] - Action delay is set to 0 milliseconds

2023-02-14 19:39:01 - [MESSAGE][PASSED] - Browser is opened with url: ''

2023-02-14 19:39:01 - [TEST_STEP][PASSED] - navigateToUrl("https://www.google.com/"): Navigate to 'https://www.google.com/' successfully

2023-02-14 19:39:07 - [MESSAGE][PASSED] - Navigate to 'https://www.google.com/' successfully

2023-02-14 19:39:07 - [TEST_STEP][PASSED] - setText(findTestObject("Object Repository/Page_Google/input__q"), "cines unidos"): Text 'cines unidos' is set on object 'Object Repository/Page_Google/input__q'

2023-02-14 19:39:08 - [MESSAGE][PASSED] - Text 'cines unidos' is set on object 'Object Repository/Page_Google/input__q'

2023-02-14 19:39:08 - [TEST_STEP][PASSED] - sendKeys(findTestObject("Object Repository/Page_Google/input__q"), Keys.chord(ENTER)): Keys 'ENTER + ' sent to object: 'Object Repository/Page_Google/input__q'

2023-02-14 19:39:15 - [MESSAGE][PASSED] - Keys 'ENTER + ' sent to object: 'Object Repository/Page_Google/input__q'

2023-02-14 19:39:15 - [TEST_STEP][PASSED] - closeBrowser(): Browser is closed

2023-02-14 19:39:17 - [MESSAGE][PASSED] - Browser is closed]]></system-out>
         <system-err><![CDATA[]]></system-err>
      </testcase>
      <testcase name="Test Cases/New Test Case- compucalitv - Copy" time="16.956" classname="Test Cases/New Test Case- compucalitv - Copy" status="PASSED">
         <system-out><![CDATA[2023-02-14 19:39:17 - [TEST_CASE][PASSED] - Test Cases/New Test Case- compucalitv - Copy: Test Cases/New Test Case- compucalitv - Copy

2023-02-14 19:39:17 - [TEST_STEP][PASSED] - openBrowser(""): Browser is opened with url: ''

2023-02-14 19:39:17 - [MESSAGE][INFO] - Starting 'Chrome' driver

2023-02-14 19:39:17 - [MESSAGE][INFO] - Action delay is set to 0 milliseconds

2023-02-14 19:39:19 - [MESSAGE][PASSED] - Browser is opened with url: ''

2023-02-14 19:39:19 - [TEST_STEP][PASSED] - navigateToUrl("https://www.google.com/"): Navigate to 'https://www.google.com/' successfully

2023-02-14 19:39:23 - [MESSAGE][PASSED] - Navigate to 'https://www.google.com/' successfully

2023-02-14 19:39:23 - [TEST_STEP][PASSED] - setText(findTestObject("Object Repository/Page_Google/input__q"), "cines unidos"): Text 'cines unidos' is set on object 'Object Repository/Page_Google/input__q'

2023-02-14 19:39:24 - [MESSAGE][PASSED] - Text 'cines unidos' is set on object 'Object Repository/Page_Google/input__q'

2023-02-14 19:39:24 - [TEST_STEP][PASSED] - sendKeys(findTestObject("Object Repository/Page_Google/input__q"), Keys.chord(ENTER)): Keys 'ENTER + ' sent to object: 'Object Repository/Page_Google/input__q'

2023-02-14 19:39:33 - [MESSAGE][PASSED] - Keys 'ENTER + ' sent to object: 'Object Repository/Page_Google/input__q'

2023-02-14 19:39:33 - [TEST_STEP][PASSED] - closeBrowser(): Browser is closed

2023-02-14 19:39:34 - [MESSAGE][PASSED] - Browser is closed]]></system-out>
         <system-err><![CDATA[]]></system-err>
      </testcase>
      <testcase name="Test Cases/New Test Case- compucalitv" time="15.206" classname="Test Cases/New Test Case- compucalitv" status="PASSED">
         <system-out><![CDATA[2023-02-14 19:39:34 - [TEST_CASE][PASSED] - Test Cases/New Test Case- compucalitv: Test Cases/New Test Case- compucalitv

2023-02-14 19:39:34 - [TEST_STEP][PASSED] - openBrowser(""): Browser is opened with url: ''

2023-02-14 19:39:34 - [MESSAGE][INFO] - Starting 'Chrome' driver

2023-02-14 19:39:34 - [MESSAGE][INFO] - Action delay is set to 0 milliseconds

2023-02-14 19:39:36 - [MESSAGE][PASSED] - Browser is opened with url: ''

2023-02-14 19:39:36 - [TEST_STEP][PASSED] - navigateToUrl("https://www.google.com/"): Navigate to 'https://www.google.com/' successfully

2023-02-14 19:39:40 - [MESSAGE][PASSED] - Navigate to 'https://www.google.com/' successfully

2023-02-14 19:39:40 - [TEST_STEP][PASSED] - setText(findTestObject("Object Repository/Page_Google/input__q"), "cines unidos"): Text 'cines unidos' is set on object 'Object Repository/Page_Google/input__q'

2023-02-14 19:39:40 - [MESSAGE][PASSED] - Text 'cines unidos' is set on object 'Object Repository/Page_Google/input__q'

2023-02-14 19:39:40 - [TEST_STEP][PASSED] - sendKeys(findTestObject("Object Repository/Page_Google/input__q"), Keys.chord(ENTER)): Keys 'ENTER + ' sent to object: 'Object Repository/Page_Google/input__q'

2023-02-14 19:39:48 - [MESSAGE][PASSED] - Keys 'ENTER + ' sent to object: 'Object Repository/Page_Google/input__q'

2023-02-14 19:39:48 - [TEST_STEP][PASSED] - closeBrowser(): Browser is closed

2023-02-14 19:39:49 - [MESSAGE][PASSED] - Browser is closed]]></system-out>
         <system-err><![CDATA[]]></system-err>
      </testcase>
      <system-out><![CDATA[2023-02-14 19:31:11 - [TEST_SUITE][PASSED] - Test Suite del chunguito: Test Cases/New Test Case- compucalitv]]></system-out>
      <system-err><![CDATA[]]></system-err>
   </testsuite>
</testsuites>
